1-SGD-MSE, 0, 1645559852.483, 0.09, 0.09, 0.159, 0.167
1-SGD-MSE, 0, 1645559852.731, 0.09, 0.09, 0.132, 0.158
1-SGD-MSE, 0, 1645559852.963, 0.09, 0.09, 0.158, 0.14
1-SGD-MSE, 0, 1645559853.204, 0.09, 0.09, 0.125, 0.156
1-SGD-MSE, 0, 1645559853.436, 0.09, 0.09, 0.136, 0.144
1-SGD-MSE, 0, 1645559853.673, 0.09, 0.09, 0.145, 0.16
1-SGD-MSE, 0, 1645559853.932, 0.09, 0.09, 0.143, 0.158
1-SGD-MSE, 0, 1645559854.163, 0.09, 0.09, 0.155, 0.146
1-SGD-MSE, 0, 1645559854.41, 0.09, 0.09, 0.153, 0.172
1-SGD-MSE, 0, 1645559854.656, 0.09, 0.09, 0.166, 0.13
1-SGD-MSE, 0, 1645559854.903, 0.09, 0.09, 0.152, 0.15
1-SGD-MSE, 0, 1645559855.142, 0.09, 0.09, 0.138, 0.171
1-SGD-MSE, 0, 1645559855.376, 0.09, 0.09, 0.16, 0.167
1-SGD-MSE, 0, 1645559855.608, 0.09, 0.09, 0.151, 0.162
1-SGD-MSE, 0, 1645559855.843, 0.09, 0.09, 0.149, 0.169
1-SGD-MSE, 0, 1645559856.079, 0.09, 0.09, 0.168, 0.163
1-SGD-MSE, 0, 1645559856.316, 0.09, 0.09, 0.171, 0.172
1-SGD-MSE, 0, 1645559856.566, 0.09, 0.09, 0.167, 0.147
1-SGD-MSE, 0, 1645559856.816, 0.09, 0.09, 0.141, 0.177
1-SGD-MSE, 0, 1645559857.055, 0.09, 0.09, 0.148, 0.157
1-SGD-MSE, 0, 1645559857.289, 0.09, 0.09, 0.182, 0.164
1-SGD-MSE, 0, 1645559857.525, 0.09, 0.09, 0.138, 0.148
1-SGD-MSE, 0, 1645559857.78, 0.09, 0.09, 0.173, 0.174
1-SGD-MSE, 0, 1645559858.012, 0.09, 0.09, 0.159, 0.149
1-SGD-MSE, 0, 1645559858.251, 0.09, 0.09, 0.151, 0.135
1-SGD-MSE, 0, 1645559858.487, 0.09, 0.09, 0.171, 0.169
1-SGD-MSE, 0, 1645559858.72, 0.09, 0.09, 0.152, 0.162
1-SGD-MSE, 0, 1645559858.972, 0.09, 0.09, 0.19, 0.149
1-SGD-MSE, 0, 1645559859.217, 0.09, 0.09, 0.141, 0.151
1-SGD-MSE, 0, 1645559859.451, 0.09, 0.09, 0.162, 0.136
1-SGD-MSE, 0, 1645559859.684, 0.09, 0.09, 0.144, 0.154
1-SGD-MSE, 0, 1645559859.92, 0.09, 0.09, 0.135, 0.148
1-SGD-MSE, 0, 1645559860.156, 0.09, 0.09, 0.142, 0.158
1-SGD-MSE, 0, 1645559860.39, 0.09, 0.09, 0.157, 0.155
1-SGD-MSE, 0, 1645559860.648, 0.09, 0.09, 0.16, 0.141
1-SGD-MSE, 0, 1645559860.879, 0.09, 0.09, 0.133, 0.139
1-SGD-MSE, 0, 1645559861.113, 0.09, 0.09, 0.122, 0.14
1-SGD-MSE, 0, 1645559861.345, 0.09, 0.09, 0.14, 0.164
1-SGD-MSE, 0, 1645559861.59, 0.09, 0.09, 0.152, 0.163
1-SGD-MSE, 0, 1645559861.816, 0.09, 0.09, 0.124, 0.166
1-SGD-MSE, 0, 1645559862.051, 0.09, 0.09, 0.152, 0.136
1-SGD-MSE, 0, 1645559862.286, 0.09, 0.09, 0.158, 0.154
1-SGD-MSE, 0, 1645559862.522, 0.09, 0.09, 0.167, 0.17
1-SGD-MSE, 0, 1645559862.757, 0.09, 0.09, 0.139, 0.139
1-SGD-MSE, 0, 1645559862.994, 0.09, 0.09, 0.134, 0.181
1-SGD-MSE, 0, 1645559863.232, 0.09, 0.09, 0.173, 0.174
1-SGD-MSE, 0, 1645559863.47, 0.09, 0.09, 0.182, 0.16
1-SGD-MSE, 0, 1645559863.708, 0.09, 0.09, 0.175, 0.164
1-SGD-MSE, 0, 1645559863.944, 0.09, 0.09, 0.146, 0.18
1-SGD-MSE, 0, 1645559864.176, 0.09, 0.09, 0.181, 0.168
1-SGD-MSE, 0, 1645559864.416, 0.09, 0.09, 0.158, 0.169
1-SGD-MSE, 0, 1645559864.646, 0.09, 0.09, 0.179, 0.182
1-SGD-MSE, 0, 1645559864.879, 0.09, 0.09, 0.17, 0.139
1-SGD-MSE, 0, 1645559865.116, 0.09, 0.09, 0.161, 0.158
1-SGD-MSE, 0, 1645559865.349, 0.09, 0.09, 0.17, 0.152
1-SGD-MSE, 0, 1645559865.587, 0.09, 0.09, 0.138, 0.153
1-SGD-MSE, 0, 1645559865.836, 0.09, 0.09, 0.162, 0.134
1-SGD-MSE, 0, 1645559866.073, 0.09, 0.09, 0.16, 0.165
1-SGD-MSE, 0, 1645559866.315, 0.09, 0.09, 0.185, 0.156
1-SGD-MSE, 0, 1645559866.557, 0.09, 0.09, 0.146, 0.172
1-SGD-MSE, 1, 1645559866.795, 0.09, 0.09, 0.181, 0.155
1-SGD-MSE, 1, 1645559867.032, 0.09, 0.09, 0.154, 0.155
1-SGD-MSE, 1, 1645559867.272, 0.09, 0.09, 0.175, 0.17
1-SGD-MSE, 1, 1645559867.5, 0.09, 0.09, 0.149, 0.186
1-SGD-MSE, 1, 1645559867.741, 0.09, 0.09, 0.161, 0.186
1-SGD-MSE, 1, 1645559867.976, 0.09, 0.09, 0.159, 0.155
1-SGD-MSE, 1, 1645559868.209, 0.09, 0.09, 0.161, 0.186
1-SGD-MSE, 1, 1645559868.448, 0.09, 0.09, 0.169, 0.157
1-SGD-MSE, 1, 1645559868.681, 0.09, 0.09, 0.167, 0.187
1-SGD-MSE, 1, 1645559868.916, 0.09, 0.09, 0.179, 0.177
1-SGD-MSE, 1, 1645559869.155, 0.09, 0.09, 0.169, 0.177
1-SGD-MSE, 1, 1645559869.399, 0.09, 0.09, 0.155, 0.189
1-SGD-MSE, 1, 1645559869.648, 0.09, 0.09, 0.179, 0.162
1-SGD-MSE, 1, 1645559869.898, 0.09, 0.09, 0.155, 0.158
1-SGD-MSE, 1, 1645559870.146, 0.09, 0.09, 0.16, 0.179
1-SGD-MSE, 1, 1645559870.4, 0.09, 0.09, 0.179, 0.19
1-SGD-MSE, 1, 1645559870.661, 0.09, 0.09, 0.17, 0.14
1-SGD-MSE, 1, 1645559870.901, 0.09, 0.09, 0.171, 0.168
1-SGD-MSE, 1, 1645559871.179, 0.09, 0.09, 0.163, 0.159
1-SGD-MSE, 1, 1645559871.442, 0.09, 0.09, 0.162, 0.191
1-SGD-MSE, 1, 1645559871.702, 0.09, 0.09, 0.188, 0.141
1-SGD-MSE, 1, 1645559871.95, 0.09, 0.09, 0.145, 0.162
1-SGD-MSE, 1, 1645559872.21, 0.09, 0.09, 0.188, 0.159
1-SGD-MSE, 1, 1645559872.47, 0.09, 0.09, 0.173, 0.141
1-SGD-MSE, 1, 1645559872.743, 0.09, 0.09, 0.171, 0.16
1-SGD-MSE, 1, 1645559872.99, 0.09, 0.09, 0.195, 0.17
1-SGD-MSE, 1, 1645559873.245, 0.09, 0.09, 0.166, 0.16
1-SGD-MSE, 1, 1645559873.512, 0.09, 0.09, 0.2, 0.163
1-SGD-MSE, 1, 1645559873.782, 0.09, 0.09, 0.157, 0.184
1-SGD-MSE, 1, 1645559874.037, 0.09, 0.09, 0.182, 0.18
1-SGD-MSE, 1, 1645559874.294, 0.09, 0.09, 0.153, 0.175
1-SGD-MSE, 1, 1645559874.541, 0.09, 0.09, 0.15, 0.162
1-SGD-MSE, 1, 1645559874.812, 0.09, 0.09, 0.156, 0.176
1-SGD-MSE, 1, 1645559875.07, 0.09, 0.09, 0.174, 0.173
1-SGD-MSE, 1, 1645559875.331, 0.09, 0.09, 0.177, 0.157
1-SGD-MSE, 1, 1645559875.584, 0.09, 0.09, 0.168, 0.17
1-SGD-MSE, 1, 1645559875.831, 0.09, 0.09, 0.156, 0.161
1-SGD-MSE, 1, 1645559876.112, 0.09, 0.09, 0.175, 0.171
1-SGD-MSE, 1, 1645559876.381, 0.09, 0.09, 0.176, 0.159
1-SGD-MSE, 1, 1645559876.645, 0.09, 0.09, 0.146, 0.161
1-SGD-MSE, 1, 1645559876.947, 0.09, 0.09, 0.174, 0.158
1-SGD-MSE, 1, 1645559877.246, 0.09, 0.09, 0.176, 0.16
1-SGD-MSE, 1, 1645559877.526, 0.09, 0.09, 0.18, 0.161
1-SGD-MSE, 1, 1645559877.805, 0.09, 0.09, 0.17, 0.184
1-SGD-MSE, 1, 1645559878.096, 0.09, 0.09, 0.145, 0.182
1-SGD-MSE, 1, 1645559878.367, 0.09, 0.09, 0.19, 0.164
1-SGD-MSE, 1, 1645559878.635, 0.09, 0.09, 0.189, 0.161
1-SGD-MSE, 1, 1645559878.919, 0.09, 0.09, 0.18, 0.176
1-SGD-MSE, 1, 1645559879.218, 0.09, 0.09, 0.149, 0.161
1-SGD-MSE, 1, 1645559879.515, 0.09, 0.09, 0.178, 0.161
1-SGD-MSE, 1, 1645559879.798, 0.09, 0.09, 0.168, 0.183
1-SGD-MSE, 1, 1645559880.062, 0.09, 0.09, 0.193, 0.146
1-SGD-MSE, 1, 1645559880.346, 0.09, 0.09, 0.173, 0.157
1-SGD-MSE, 1, 1645559880.593, 0.09, 0.09, 0.166, 0.165
1-SGD-MSE, 1, 1645559880.85, 0.09, 0.09, 0.173, 0.145
1-SGD-MSE, 1, 1645559881.129, 0.09, 0.09, 0.156, 0.183
1-SGD-MSE, 1, 1645559881.393, 0.09, 0.09, 0.175, 0.16
1-SGD-MSE, 1, 1645559881.657, 0.09, 0.09, 0.181, 0.181
1-SGD-MSE, 1, 1645559881.933, 0.09, 0.09, 0.195, 0.162
1-SGD-MSE, 1, 1645559882.197, 0.09, 0.09, 0.158, 0.164
1-SGD-MSE, 2, 1645559882.464, 0.09, 0.09, 0.18, 0.164
1-SGD-MSE, 2, 1645559882.735, 0.09, 0.09, 0.155, 0.145
1-SGD-MSE, 2, 1645559883.025, 0.09, 0.09, 0.172, 0.175
1-SGD-MSE, 2, 1645559883.28, 0.09, 0.09, 0.154, 0.158
1-SGD-MSE, 2, 1645559883.544, 0.09, 0.09, 0.168, 0.181
1-SGD-MSE, 2, 1645559883.806, 0.09, 0.09, 0.161, 0.162
1-SGD-MSE, 2, 1645559884.062, 0.09, 0.09, 0.17, 0.147
1-SGD-MSE, 2, 1645559884.311, 0.09, 0.09, 0.174, 0.147
1-SGD-MSE, 2, 1645559884.575, 0.09, 0.09, 0.168, 0.164
1-SGD-MSE, 2, 1645559884.827, 0.09, 0.09, 0.19, 0.147
1-SGD-MSE, 2, 1645559885.113, 0.09, 0.09, 0.168, 0.147
1-SGD-MSE, 2, 1645559885.368, 0.09, 0.09, 0.157, 0.177
1-SGD-MSE, 2, 1645559885.632, 0.09, 0.09, 0.193, 0.161
1-SGD-MSE, 2, 1645559885.882, 0.09, 0.09, 0.154, 0.157
1-SGD-MSE, 2, 1645559886.13, 0.09, 0.09, 0.158, 0.155
1-SGD-MSE, 2, 1645559886.37, 0.09, 0.09, 0.165, 0.157
1-SGD-MSE, 2, 1645559886.617, 0.09, 0.09, 0.168, 0.169
1-SGD-MSE, 2, 1645559886.868, 0.09, 0.09, 0.165, 0.181
1-SGD-MSE, 2, 1645559887.12, 0.09, 0.09, 0.167, 0.168
1-SGD-MSE, 2, 1645559887.369, 0.09, 0.09, 0.16, 0.162
1-SGD-MSE, 2, 1645559887.624, 0.09, 0.09, 0.187, 0.167
1-SGD-MSE, 2, 1645559887.872, 0.09, 0.09, 0.141, 0.178
1-SGD-MSE, 2, 1645559888.125, 0.09, 0.09, 0.183, 0.178
1-SGD-MSE, 2, 1645559888.376, 0.09, 0.09, 0.164, 0.162
1-SGD-MSE, 2, 1645559888.615, 0.09, 0.09, 0.183, 0.162
1-SGD-MSE, 2, 1645559888.854, 0.09, 0.09, 0.195, 0.146
1-SGD-MSE, 2, 1645559889.108, 0.09, 0.09, 0.168, 0.163
1-SGD-MSE, 2, 1645559889.387, 0.09, 0.09, 0.193, 0.157
1-SGD-MSE, 2, 1645559889.634, 0.09, 0.09, 0.152, 0.157
1-SGD-MSE, 2, 1645559889.896, 0.09, 0.09, 0.172, 0.167
1-SGD-MSE, 2, 1645559890.166, 0.09, 0.09, 0.161, 0.168
1-SGD-MSE, 2, 1645559890.441, 0.09, 0.09, 0.154, 0.171
1-SGD-MSE, 2, 1645559890.716, 0.09, 0.09, 0.164, 0.168
1-SGD-MSE, 2, 1645559890.971, 0.09, 0.09, 0.172, 0.17
1-SGD-MSE, 2, 1645559891.238, 0.09, 0.09, 0.179, 0.167
1-SGD-MSE, 2, 1645559891.508, 0.09, 0.09, 0.171, 0.168
1-SGD-MSE, 2, 1645559891.774, 0.09, 0.09, 0.165, 0.184
1-SGD-MSE, 2, 1645559892.034, 0.09, 0.09, 0.174, 0.158
1-SGD-MSE, 2, 1645559892.347, 0.09, 0.09, 0.177, 0.158
1-SGD-MSE, 2, 1645559892.639, 0.09, 0.09, 0.153, 0.167
1-SGD-MSE, 2, 1645559892.926, 0.09, 0.09, 0.178, 0.171
1-SGD-MSE, 2, 1645559893.223, 0.09, 0.09, 0.167, 0.147
1-SGD-MSE, 2, 1645559893.498, 0.09, 0.09, 0.177, 0.189
1-SGD-MSE, 2, 1645559893.752, 0.09, 0.09, 0.177, 0.16
1-SGD-MSE, 2, 1645559894.016, 0.09, 0.09, 0.148, 0.171
1-SGD-MSE, 2, 1645559894.268, 0.09, 0.09, 0.19, 0.164
1-SGD-MSE, 2, 1645559894.532, 0.09, 0.09, 0.185, 0.178
1-SGD-MSE, 2, 1645559894.79, 0.09, 0.09, 0.176, 0.161
1-SGD-MSE, 2, 1645559895.05, 0.09, 0.09, 0.157, 0.164
1-SGD-MSE, 2, 1645559895.293, 0.09, 0.09, 0.171, 0.146
1-SGD-MSE, 2, 1645559895.562, 0.09, 0.09, 0.171, 0.171
1-SGD-MSE, 2, 1645559895.865, 0.09, 0.09, 0.193, 0.165
1-SGD-MSE, 2, 1645559896.152, 0.09, 0.09, 0.172, 0.177
1-SGD-MSE, 2, 1645559896.414, 0.09, 0.09, 0.168, 0.183
1-SGD-MSE, 2, 1645559896.686, 0.09, 0.09, 0.164, 0.166
1-SGD-MSE, 2, 1645559896.945, 0.09, 0.09, 0.16, 0.166
1-SGD-MSE, 2, 1645559897.214, 0.09, 0.09, 0.172, 0.168
1-SGD-MSE, 2, 1645559897.463, 0.09, 0.09, 0.191, 0.163
1-SGD-MSE, 2, 1645559897.715, 0.09, 0.09, 0.205, 0.15
1-SGD-MSE, 2, 1645559897.964, 0.09, 0.09, 0.159, 0.168
1-SGD-MSE, 3, 1645559898.228, 0.09, 0.09, 0.18, 0.179
1-SGD-MSE, 3, 1645559898.479, 0.09, 0.09, 0.161, 0.165
1-SGD-MSE, 3, 1645559898.747, 0.09, 0.09, 0.168, 0.164
1-SGD-MSE, 3, 1645559899.008, 0.09, 0.09, 0.159, 0.165
1-SGD-MSE, 3, 1645559899.258, 0.09, 0.09, 0.165, 0.164
1-SGD-MSE, 3, 1645559899.511, 0.09, 0.09, 0.173, 0.188
1-SGD-MSE, 3, 1645559899.763, 0.09, 0.09, 0.175, 0.171
1-SGD-MSE, 3, 1645559900.017, 0.09, 0.09, 0.172, 0.188
1-SGD-MSE, 3, 1645559900.287, 0.09, 0.09, 0.166, 0.185
1-SGD-MSE, 3, 1645559900.583, 0.09, 0.09, 0.198, 0.18
1-SGD-MSE, 3, 1645559900.847, 0.09, 0.09, 0.174, 0.196
1-SGD-MSE, 3, 1645559901.125, 0.09, 0.09, 0.162, 0.174
1-SGD-MSE, 3, 1645559901.382, 0.09, 0.09, 0.201, 0.178
1-SGD-MSE, 3, 1645559901.633, 0.09, 0.09, 0.159, 0.171
1-SGD-MSE, 3, 1645559901.882, 0.09, 0.09, 0.171, 0.172
1-SGD-MSE, 3, 1645559902.138, 0.09, 0.09, 0.169, 0.164
1-SGD-MSE, 3, 1645559902.397, 0.09, 0.09, 0.17, 0.19
1-SGD-MSE, 3, 1645559902.668, 0.09, 0.09, 0.174, 0.191
1-SGD-MSE, 3, 1645559902.933, 0.09, 0.09, 0.178, 0.179
1-SGD-MSE, 3, 1645559903.196, 0.09, 0.09, 0.174, 0.178
1-SGD-MSE, 3, 1645559903.451, 0.09, 0.09, 0.196, 0.172
1-SGD-MSE, 3, 1645559903.718, 0.09, 0.09, 0.163, 0.18
1-SGD-MSE, 3, 1645559903.977, 0.09, 0.09, 0.199, 0.181
1-SGD-MSE, 3, 1645559904.225, 0.09, 0.09, 0.184, 0.18
1-SGD-MSE, 3, 1645559904.476, 0.09, 0.09, 0.202, 0.176
1-SGD-MSE, 3, 1645559904.736, 0.09, 0.09, 0.216, 0.179
1-SGD-MSE, 3, 1645559904.994, 0.09, 0.09, 0.182, 0.188
1-SGD-MSE, 3, 1645559905.236, 0.09, 0.09, 0.215, 0.205
1-SGD-MSE, 3, 1645559905.507, 0.09, 0.09, 0.188, 0.182
1-SGD-MSE, 3, 1645559905.791, 0.09, 0.09, 0.196, 0.189
1-SGD-MSE, 3, 1645559906.065, 0.09, 0.09, 0.174, 0.186
1-SGD-MSE, 3, 1645559906.343, 0.09, 0.09, 0.179, 0.197
1-SGD-MSE, 3, 1645559906.63, 0.09, 0.09, 0.189, 0.19
1-SGD-MSE, 3, 1645559906.887, 0.09, 0.09, 0.194, 0.183
1-SGD-MSE, 3, 1645559907.164, 0.09, 0.09, 0.207, 0.212
1-SGD-MSE, 3, 1645559907.449, 0.09, 0.09, 0.195, 0.197
1-SGD-MSE, 3, 1645559907.746, 0.09, 0.09, 0.197, 0.208
1-SGD-MSE, 3, 1645559908.03, 0.09, 0.09, 0.207, 0.208
1-SGD-MSE, 3, 1645559908.315, 0.09, 0.09, 0.203, 0.208
1-SGD-MSE, 3, 1645559908.606, 0.09, 0.09, 0.193, 0.229
1-SGD-MSE, 3, 1645559908.911, 0.09, 0.09, 0.223, 0.209
1-SGD-MSE, 3, 1645559909.213, 0.09, 0.09, 0.199, 0.201
1-SGD-MSE, 3, 1645559909.499, 0.09, 0.09, 0.226, 0.235
1-SGD-MSE, 3, 1645559909.78, 0.09, 0.09, 0.228, 0.21
1-SGD-MSE, 3, 1645559910.061, 0.09, 0.09, 0.188, 0.223
1-SGD-MSE, 3, 1645559910.345, 0.09, 0.09, 0.257, 0.224
1-SGD-MSE, 3, 1645559910.628, 0.09, 0.09, 0.233, 0.226
1-SGD-MSE, 3, 1645559910.908, 0.09, 0.09, 0.222, 0.223
1-SGD-MSE, 3, 1645559911.189, 0.09, 0.09, 0.217, 0.227
1-SGD-MSE, 3, 1645559911.474, 0.09, 0.09, 0.214, 0.255
1-SGD-MSE, 3, 1645559911.756, 0.09, 0.09, 0.237, 0.216
1-SGD-MSE, 3, 1645559912.057, 0.09, 0.09, 0.248, 0.227
1-SGD-MSE, 3, 1645559912.345, 0.09, 0.09, 0.232, 0.222
1-SGD-MSE, 3, 1645559912.631, 0.09, 0.09, 0.234, 0.211
1-SGD-MSE, 3, 1645559912.902, 0.09, 0.09, 0.223, 0.224
1-SGD-MSE, 3, 1645559913.19, 0.09, 0.09, 0.211, 0.259
1-SGD-MSE, 3, 1645559913.488, 0.09, 0.09, 0.232, 0.227
1-SGD-MSE, 3, 1645559913.778, 0.09, 0.09, 0.241, 0.224
1-SGD-MSE, 3, 1645559914.061, 0.09, 0.09, 0.27, 0.226
1-SGD-MSE, 3, 1645559914.342, 0.09, 0.09, 0.227, 0.238
1-SGD-MSE, 4, 1645559914.623, 0.09, 0.09, 0.244, 0.237
1-SGD-MSE, 4, 1645559914.928, 0.09, 0.09, 0.219, 0.247
1-SGD-MSE, 4, 1645559915.238, 0.09, 0.09, 0.233, 0.234
1-SGD-MSE, 4, 1645559915.522, 0.09, 0.09, 0.22, 0.267
1-SGD-MSE, 4, 1645559915.794, 0.09, 0.09, 0.243, 0.249
1-SGD-MSE, 4, 1645559916.049, 0.09, 0.09, 0.253, 0.276
1-SGD-MSE, 4, 1645559916.318, 0.09, 0.09, 0.25, 0.254
1-SGD-MSE, 4, 1645559916.6, 0.09, 0.09, 0.242, 0.242
1-SGD-MSE, 4, 1645559916.868, 0.09, 0.09, 0.249, 0.245
1-SGD-MSE, 4, 1645559917.135, 0.09, 0.09, 0.277, 0.254
1-SGD-MSE, 4, 1645559917.399, 0.09, 0.09, 0.265, 0.262
1-SGD-MSE, 4, 1645559917.664, 0.09, 0.09, 0.242, 0.263
1-SGD-MSE, 4, 1645559917.929, 0.09, 0.09, 0.28, 0.243
1-SGD-MSE, 4, 1645559918.191, 0.09, 0.09, 0.244, 0.266
1-SGD-MSE, 4, 1645559918.46, 0.09, 0.09, 0.269, 0.289
1-SGD-MSE, 4, 1645559918.723, 0.09, 0.09, 0.258, 0.268
1-SGD-MSE, 4, 1645559918.988, 0.09, 0.09, 0.241, 0.247
1-SGD-MSE, 4, 1645559919.255, 0.09, 0.09, 0.278, 0.287
1-SGD-MSE, 4, 1645559919.519, 0.09, 0.09, 0.254, 0.253
1-SGD-MSE, 4, 1645559919.786, 0.09, 0.09, 0.257, 0.253
1-SGD-MSE, 4, 1645559920.048, 0.09, 0.09, 0.286, 0.27
1-SGD-MSE, 4, 1645559920.314, 0.09, 0.09, 0.244, 0.28
1-SGD-MSE, 4, 1645559920.582, 0.09, 0.09, 0.275, 0.267
1-SGD-MSE, 4, 1645559920.845, 0.09, 0.09, 0.267, 0.275
1-SGD-MSE, 4, 1645559921.112, 0.09, 0.09, 0.292, 0.296
1-SGD-MSE, 4, 1645559921.395, 0.09, 0.09, 0.299, 0.261
1-SGD-MSE, 4, 1645559921.654, 0.09, 0.09, 0.269, 0.297
1-SGD-MSE, 4, 1645559921.923, 0.09, 0.09, 0.311, 0.264
1-SGD-MSE, 4, 1645559922.208, 0.09, 0.09, 0.26, 0.278
1-SGD-MSE, 4, 1645559922.479, 0.09, 0.09, 0.28, 0.305
1-SGD-MSE, 4, 1645559922.756, 0.09, 0.09, 0.269, 0.273
1-SGD-MSE, 4, 1645559923.036, 0.09, 0.09, 0.258, 0.282
1-SGD-MSE, 4, 1645559923.32, 0.09, 0.09, 0.289, 0.284
1-SGD-MSE, 4, 1645559923.599, 0.09, 0.09, 0.287, 0.286
1-SGD-MSE, 4, 1645559923.866, 0.09, 0.09, 0.296, 0.284
1-SGD-MSE, 4, 1645559924.157, 0.09, 0.09, 0.298, 0.288
1-SGD-MSE, 4, 1645559924.397, 0.09, 0.09, 0.285, 0.263
1-SGD-MSE, 4, 1645559924.665, 0.09, 0.09, 0.29, 0.264
1-SGD-MSE, 4, 1645559924.936, 0.09, 0.09, 0.275, 0.285
1-SGD-MSE, 4, 1645559925.188, 0.09, 0.09, 0.279, 0.281
1-SGD-MSE, 4, 1645559925.481, 0.09, 0.09, 0.304, 0.292
1-SGD-MSE, 4, 1645559925.765, 0.09, 0.09, 0.28, 0.292
1-SGD-MSE, 4, 1645559926.033, 0.09, 0.09, 0.309, 0.294
1-SGD-MSE, 4, 1645559926.296, 0.09, 0.09, 0.313, 0.298
1-SGD-MSE, 4, 1645559926.533, 0.09, 0.09, 0.263, 0.289
1-SGD-MSE, 4, 1645559926.795, 0.09, 0.09, 0.317, 0.274
1-SGD-MSE, 4, 1645559927.044, 0.09, 0.09, 0.309, 0.318
1-SGD-MSE, 4, 1645559927.294, 0.09, 0.09, 0.271, 0.281
1-SGD-MSE, 4, 1645559927.533, 0.09, 0.09, 0.285, 0.265
1-SGD-MSE, 4, 1645559927.792, 0.09, 0.09, 0.272, 0.314
1-SGD-MSE, 4, 1645559928.041, 0.09, 0.09, 0.3, 0.277
1-SGD-MSE, 4, 1645559928.28, 0.09, 0.09, 0.304, 0.315
1-SGD-MSE, 4, 1645559928.527, 0.09, 0.09, 0.291, 0.313
1-SGD-MSE, 4, 1645559928.768, 0.09, 0.09, 0.293, 0.268
1-SGD-MSE, 4, 1645559929.013, 0.09, 0.09, 0.274, 0.282
1-SGD-MSE, 4, 1645559929.266, 0.09, 0.09, 0.279, 0.315
1-SGD-MSE, 4, 1645559929.532, 0.09, 0.09, 0.303, 0.269
1-SGD-MSE, 4, 1645559929.795, 0.09, 0.09, 0.31, 0.267
1-SGD-MSE, 4, 1645559930.06, 0.09, 0.09, 0.326, 0.266
1-SGD-MSE, 4, 1645559930.317, 0.09, 0.09, 0.288, 0.293
1-SGD-MSE, 5, 1645559930.555, 0.09, 0.09, 0.293, 0.279
1-SGD-MSE, 5, 1645559930.82, 0.09, 0.09, 0.269, 0.295
1-SGD-MSE, 5, 1645559931.057, 0.09, 0.09, 0.269, 0.268
1-SGD-MSE, 5, 1645559931.304, 0.09, 0.09, 0.272, 0.278
1-SGD-MSE, 5, 1645559931.542, 0.09, 0.09, 0.297, 0.31
1-SGD-MSE, 5, 1645559931.782, 0.09, 0.09, 0.282, 0.295
1-SGD-MSE, 5, 1645559932.031, 0.09, 0.09, 0.297, 0.281
1-SGD-MSE, 5, 1645559932.27, 0.09, 0.09, 0.275, 0.299
1-SGD-MSE, 5, 1645559932.513, 0.09, 0.09, 0.287, 0.33
1-SGD-MSE, 5, 1645559932.765, 0.09, 0.09, 0.321, 0.296
1-SGD-MSE, 5, 1645559933.014, 0.09, 0.09, 0.307, 0.272
1-SGD-MSE, 5, 1645559933.254, 0.09, 0.09, 0.282, 0.337
1-SGD-MSE, 5, 1645559933.505, 0.09, 0.09, 0.322, 0.314
1-SGD-MSE, 5, 1645559933.747, 0.09, 0.09, 0.277, 0.292
1-SGD-MSE, 5, 1645559934.003, 0.09, 0.09, 0.298, 0.286
1-SGD-MSE, 5, 1645559934.245, 0.09, 0.09, 0.288, 0.302
1-SGD-MSE, 5, 1645559934.496, 0.09, 0.09, 0.264, 0.3
1-SGD-MSE, 5, 1645559934.734, 0.09, 0.09, 0.313, 0.316
1-SGD-MSE, 5, 1645559934.983, 0.09, 0.09, 0.285, 0.307
1-SGD-MSE, 5, 1645559935.231, 0.09, 0.09, 0.29, 0.299
1-SGD-MSE, 5, 1645559935.477, 0.089, 0.09, 0.304, 0.287
1-SGD-MSE, 5, 1645559935.722, 0.09, 0.09, 0.273, 0.308
1-SGD-MSE, 5, 1645559935.969, 0.09, 0.09, 0.287, 0.31
1-SGD-MSE, 5, 1645559936.219, 0.09, 0.09, 0.291, 0.303
1-SGD-MSE, 5, 1645559936.459, 0.089, 0.09, 0.31, 0.289
1-SGD-MSE, 5, 1645559936.729, 0.089, 0.089, 0.323, 0.337
1-SGD-MSE, 5, 1645559936.988, 0.09, 0.089, 0.292, 0.297
1-SGD-MSE, 5, 1645559937.249, 0.089, 0.09, 0.329, 0.287
1-SGD-MSE, 5, 1645559937.504, 0.09, 0.089, 0.289, 0.298
1-SGD-MSE, 5, 1645559937.757, 0.089, 0.089, 0.303, 0.339
1-SGD-MSE, 5, 1645559938.013, 0.089, 0.089, 0.294, 0.318
1-SGD-MSE, 5, 1645559938.249, 0.09, 0.089, 0.282, 0.308
1-SGD-MSE, 5, 1645559938.493, 0.089, 0.09, 0.297, 0.29
1-SGD-MSE, 5, 1645559938.755, 0.089, 0.089, 0.311, 0.296
1-SGD-MSE, 5, 1645559939.009, 0.089, 0.089, 0.306, 0.296
1-SGD-MSE, 5, 1645559939.272, 0.089, 0.089, 0.311, 0.314
1-SGD-MSE, 5, 1645559939.524, 0.089, 0.089, 0.3, 0.313
1-SGD-MSE, 5, 1645559939.772, 0.089, 0.089, 0.303, 0.303
1-SGD-MSE, 5, 1645559940.025, 0.089, 0.089, 0.29, 0.313
1-SGD-MSE, 5, 1645559940.263, 0.089, 0.089, 0.297, 0.297
1-SGD-MSE, 5, 1645559940.518, 0.089, 0.089, 0.322, 0.311
1-SGD-MSE, 5, 1645559940.768, 0.089, 0.089, 0.299, 0.32
1-SGD-MSE, 5, 1645559941.019, 0.089, 0.089, 0.322, 0.292
1-SGD-MSE, 5, 1645559941.263, 0.089, 0.089, 0.327, 0.278
1-SGD-MSE, 5, 1645559941.512, 0.089, 0.089, 0.277, 0.298
1-SGD-MSE, 5, 1645559941.773, 0.089, 0.089, 0.328, 0.307
1-SGD-MSE, 5, 1645559942.033, 0.089, 0.089, 0.323, 0.279
1-SGD-MSE, 5, 1645559942.284, 0.089, 0.089, 0.274, 0.307
1-SGD-MSE, 5, 1645559942.527, 0.089, 0.089, 0.289, 0.337
1-SGD-MSE, 5, 1645559942.78, 0.089, 0.089, 0.277, 0.297
1-SGD-MSE, 5, 1645559943.04, 0.089, 0.089, 0.31, 0.298
1-SGD-MSE, 5, 1645559943.289, 0.089, 0.089, 0.326, 0.312
1-SGD-MSE, 5, 1645559943.536, 0.089, 0.089, 0.295, 0.299
1-SGD-MSE, 5, 1645559943.786, 0.089, 0.089, 0.3, 0.299
1-SGD-MSE, 5, 1645559944.035, 0.089, 0.089, 0.29, 0.298
1-SGD-MSE, 5, 1645559944.287, 0.089, 0.089, 0.296, 0.325
1-SGD-MSE, 5, 1645559944.538, 0.089, 0.089, 0.319, 0.309
1-SGD-MSE, 5, 1645559944.791, 0.089, 0.089, 0.334, 0.305
1-SGD-MSE, 5, 1645559945.039, 0.089, 0.089, 0.348, 0.325
1-SGD-MSE, 5, 1645559945.284, 0.089, 0.089, 0.316, 0.342
1-SGD-MSE, 6, 1645559945.536, 0.089, 0.089, 0.316, 0.285
1-SGD-MSE, 6, 1645559945.797, 0.089, 0.089, 0.294, 0.318
1-SGD-MSE, 6, 1645559946.046, 0.089, 0.089, 0.295, 0.33
1-SGD-MSE, 6, 1645559946.301, 0.089, 0.089, 0.298, 0.309
1-SGD-MSE, 6, 1645559946.556, 0.089, 0.089, 0.316, 0.308
1-SGD-MSE, 6, 1645559946.816, 0.089, 0.089, 0.301, 0.351
1-SGD-MSE, 6, 1645559947.068, 0.089, 0.089, 0.313, 0.308
1-SGD-MSE, 6, 1645559947.32, 0.089, 0.089, 0.3, 0.306
1-SGD-MSE, 6, 1645559947.579, 0.089, 0.089, 0.319, 0.312
1-SGD-MSE, 6, 1645559947.837, 0.089, 0.089, 0.348, 0.336
1-SGD-MSE, 6, 1645559948.085, 0.089, 0.089, 0.333, 0.328
1-SGD-MSE, 6, 1645559948.323, 0.089, 0.089, 0.311, 0.337
1-SGD-MSE, 6, 1645559948.563, 0.089, 0.089, 0.356, 0.338
1-SGD-MSE, 6, 1645559948.802, 0.089, 0.089, 0.316, 0.335
1-SGD-MSE, 6, 1645559949.049, 0.089, 0.089, 0.321, 0.337
1-SGD-MSE, 6, 1645559949.284, 0.089, 0.089, 0.311, 0.315
1-SGD-MSE, 6, 1645559949.533, 0.089, 0.089, 0.296, 0.316
1-SGD-MSE, 6, 1645559949.779, 0.089, 0.089, 0.339, 0.338
1-SGD-MSE, 6, 1645559950.019, 0.089, 0.089, 0.31, 0.336
1-SGD-MSE, 6, 1645559950.256, 0.089, 0.089, 0.311, 0.333
1-SGD-MSE, 6, 1645559950.498, 0.089, 0.089, 0.326, 0.296
1-SGD-MSE, 6, 1645559950.745, 0.089, 0.089, 0.297, 0.335
1-SGD-MSE, 6, 1645559950.982, 0.089, 0.089, 0.307, 0.323
1-SGD-MSE, 6, 1645559951.23, 0.089, 0.089, 0.307, 0.36
1-SGD-MSE, 6, 1645559951.469, 0.089, 0.089, 0.332, 0.323
1-SGD-MSE, 6, 1645559951.725, 0.089, 0.089, 0.346, 0.31
1-SGD-MSE, 6, 1645559952.0, 0.089, 0.089, 0.313, 0.312
1-SGD-MSE, 6, 1645559952.277, 0.089, 0.089, 0.353, 0.314
1-SGD-MSE, 6, 1645559952.522, 0.089, 0.089, 0.309, 0.313
1-SGD-MSE, 6, 1645559952.838, 0.089, 0.089, 0.325, 0.299
1-SGD-MSE, 6, 1645559953.145, 0.089, 0.089, 0.322, 0.31
1-SGD-MSE, 6, 1645559953.431, 0.089, 0.089, 0.306, 0.34
1-SGD-MSE, 6, 1645559953.678, 0.089, 0.089, 0.316, 0.316
1-SGD-MSE, 6, 1645559953.916, 0.089, 0.089, 0.328, 0.316
1-SGD-MSE, 6, 1645559954.162, 0.089, 0.089, 0.325, 0.317
1-SGD-MSE, 6, 1645559954.402, 0.089, 0.089, 0.328, 0.34
1-SGD-MSE, 6, 1645559954.683, 0.089, 0.089, 0.316, 0.312
1-SGD-MSE, 6, 1645559954.932, 0.089, 0.089, 0.323, 0.323
1-SGD-MSE, 6, 1645559955.17, 0.089, 0.089, 0.299, 0.314
1-SGD-MSE, 6, 1645559955.417, 0.089, 0.089, 0.319, 0.362
1-SGD-MSE, 6, 1645559955.658, 0.089, 0.089, 0.343, 0.321
1-SGD-MSE, 6, 1645559955.946, 0.089, 0.089, 0.318, 0.312
1-SGD-MSE, 6, 1645559956.241, 0.089, 0.089, 0.335, 0.352
1-SGD-MSE, 6, 1645559956.55, 0.089, 0.089, 0.348, 0.308
1-SGD-MSE, 6, 1645559956.806, 0.089, 0.089, 0.296, 0.312
1-SGD-MSE, 6, 1645559957.055, 0.089, 0.089, 0.341, 0.307
1-SGD-MSE, 6, 1645559957.302, 0.089, 0.089, 0.331, 0.292
1-SGD-MSE, 6, 1645559957.551, 0.089, 0.089, 0.291, 0.309
1-SGD-MSE, 6, 1645559957.789, 0.089, 0.089, 0.302, 0.29
1-SGD-MSE, 6, 1645559958.034, 0.089, 0.089, 0.298, 0.33
1-SGD-MSE, 6, 1645559958.271, 0.089, 0.089, 0.322, 0.329
1-SGD-MSE, 6, 1645559958.512, 0.089, 0.089, 0.334, 0.334
1-SGD-MSE, 6, 1645559958.758, 0.089, 0.089, 0.305, 0.309
1-SGD-MSE, 6, 1645559959.006, 0.089, 0.089, 0.31, 0.317
1-SGD-MSE, 6, 1645559959.272, 0.089, 0.089, 0.309, 0.313
1-SGD-MSE, 6, 1645559959.523, 0.089, 0.089, 0.311, 0.34
1-SGD-MSE, 6, 1645559959.788, 0.089, 0.089, 0.329, 0.34
1-SGD-MSE, 6, 1645559960.038, 0.089, 0.089, 0.349, 0.317
1-SGD-MSE, 6, 1645559960.278, 0.089, 0.089, 0.355, 0.315
1-SGD-MSE, 6, 1645559960.518, 0.089, 0.089, 0.327, 0.294
1-SGD-MSE, 7, 1645559960.778, 0.089, 0.089, 0.325, 0.313
1-SGD-MSE, 7, 1645559961.025, 0.089, 0.089, 0.3, 0.34
1-SGD-MSE, 7, 1645559961.264, 0.089, 0.089, 0.302, 0.343
1-SGD-MSE, 7, 1645559961.512, 0.089, 0.089, 0.301, 0.301
1-SGD-MSE, 7, 1645559961.751, 0.089, 0.089, 0.333, 0.332
1-SGD-MSE, 7, 1645559962.001, 0.089, 0.089, 0.328, 0.314
1-SGD-MSE, 7, 1645559962.248, 0.089, 0.089, 0.326, 0.356
1-SGD-MSE, 7, 1645559962.486, 0.089, 0.089, 0.302, 0.334
1-SGD-MSE, 7, 1645559962.738, 0.089, 0.089, 0.326, 0.318
1-SGD-MSE, 7, 1645559962.987, 0.089, 0.089, 0.355, 0.315
1-SGD-MSE, 7, 1645559963.235, 0.089, 0.089, 0.341, 0.342
1-SGD-MSE, 7, 1645559963.505, 0.089, 0.089, 0.314, 0.323
1-SGD-MSE, 7, 1645559963.746, 0.089, 0.089, 0.367, 0.343
1-SGD-MSE, 7, 1645559963.996, 0.089, 0.089, 0.314, 0.318
1-SGD-MSE, 7, 1645559964.274, 0.089, 0.089, 0.344, 0.349
1-SGD-MSE, 7, 1645559964.534, 0.089, 0.089, 0.321, 0.315
1-SGD-MSE, 7, 1645559964.776, 0.089, 0.089, 0.304, 0.304
1-SGD-MSE, 7, 1645559965.029, 0.089, 0.089, 0.345, 0.364
1-SGD-MSE, 7, 1645559965.316, 0.089, 0.089, 0.323, 0.32
1-SGD-MSE, 7, 1645559965.556, 0.089, 0.089, 0.316, 0.352
1-SGD-MSE, 7, 1645559965.805, 0.089, 0.089, 0.337, 0.349
1-SGD-MSE, 7, 1645559966.055, 0.089, 0.089, 0.312, 0.348
1-SGD-MSE, 7, 1645559966.304, 0.089, 0.089, 0.323, 0.351
1-SGD-MSE, 7, 1645559966.554, 0.089, 0.089, 0.328, 0.362
1-SGD-MSE, 7, 1645559966.805, 0.089, 0.089, 0.342, 0.36
1-SGD-MSE, 7, 1645559967.068, 0.089, 0.089, 0.361, 0.321
1-SGD-MSE, 7, 1645559967.309, 0.089, 0.089, 0.329, 0.345
1-SGD-MSE, 7, 1645559967.595, 0.089, 0.089, 0.352, 0.357
1-SGD-MSE, 7, 1645559967.842, 0.089, 0.089, 0.315, 0.322
1-SGD-MSE, 7, 1645559968.101, 0.089, 0.089, 0.34, 0.319
1-SGD-MSE, 7, 1645559968.371, 0.089, 0.089, 0.326, 0.322
1-SGD-MSE, 7, 1645559968.633, 0.089, 0.089, 0.314, 0.321
1-SGD-MSE, 7, 1645559968.884, 0.089, 0.089, 0.336, 0.344
1-SGD-MSE, 7, 1645559969.133, 0.089, 0.089, 0.344, 0.323
1-SGD-MSE, 7, 1645559969.386, 0.089, 0.089, 0.337, 0.366
1-SGD-MSE, 7, 1645559969.641, 0.089, 0.089, 0.349, 0.323
1-SGD-MSE, 7, 1645559969.889, 0.089, 0.089, 0.326, 0.322
1-SGD-MSE, 7, 1645559970.15, 0.089, 0.089, 0.34, 0.329
1-SGD-MSE, 7, 1645559970.401, 0.089, 0.089, 0.312, 0.368
1-SGD-MSE, 7, 1645559970.654, 0.089, 0.089, 0.342, 0.356
1-SGD-MSE, 7, 1645559970.914, 0.089, 0.089, 0.351, 0.326
1-SGD-MSE, 7, 1645559971.166, 0.089, 0.089, 0.338, 0.361
1-SGD-MSE, 7, 1645559971.417, 0.089, 0.089, 0.351, 0.336
1-SGD-MSE, 7, 1645559971.68, 0.089, 0.089, 0.365, 0.322
1-SGD-MSE, 7, 1645559971.937, 0.089, 0.089, 0.323, 0.338
1-SGD-MSE, 7, 1645559972.187, 0.089, 0.089, 0.356, 0.356
1-SGD-MSE, 7, 1645559972.447, 0.089, 0.089, 0.362, 0.368
1-SGD-MSE, 7, 1645559972.698, 0.089, 0.089, 0.314, 0.337
1-SGD-MSE, 7, 1645559972.946, 0.089, 0.089, 0.334, 0.329
1-SGD-MSE, 7, 1645559973.198, 0.089, 0.089, 0.326, 0.37
1-SGD-MSE, 7, 1645559973.45, 0.089, 0.089, 0.348, 0.345
1-SGD-MSE, 7, 1645559973.718, 0.089, 0.089, 0.368, 0.32
1-SGD-MSE, 7, 1645559973.979, 0.089, 0.089, 0.33, 0.323
1-SGD-MSE, 7, 1645559974.224, 0.089, 0.089, 0.341, 0.341
1-SGD-MSE, 7, 1645559974.488, 0.089, 0.089, 0.327, 0.365
1-SGD-MSE, 7, 1645559974.739, 0.089, 0.089, 0.34, 0.345
1-SGD-MSE, 7, 1645559974.994, 0.089, 0.089, 0.367, 0.344
1-SGD-MSE, 7, 1645559975.243, 0.089, 0.089, 0.365, 0.371
1-SGD-MSE, 7, 1645559975.499, 0.089, 0.089, 0.382, 0.37
1-SGD-MSE, 7, 1645559975.758, 0.089, 0.089, 0.355, 0.367
1-SGD-MSE, 8, 1645559976.013, 0.089, 0.089, 0.359, 0.363
1-SGD-MSE, 8, 1645559976.279, 0.089, 0.089, 0.329, 0.349
1-SGD-MSE, 8, 1645559976.539, 0.089, 0.089, 0.328, 0.347
1-SGD-MSE, 8, 1645559976.779, 0.089, 0.089, 0.337, 0.352
1-SGD-MSE, 8, 1645559977.042, 0.089, 0.089, 0.363, 0.374
1-SGD-MSE, 8, 1645559977.294, 0.089, 0.089, 0.359, 0.356
1-SGD-MSE, 8, 1645559977.557, 0.089, 0.089, 0.368, 0.348
1-SGD-MSE, 8, 1645559977.797, 0.089, 0.089, 0.32, 0.375
1-SGD-MSE, 8, 1645559978.046, 0.089, 0.089, 0.356, 0.367
1-SGD-MSE, 8, 1645559978.299, 0.089, 0.089, 0.37, 0.332
1-SGD-MSE, 8, 1645559978.548, 0.089, 0.089, 0.381, 0.369
1-SGD-MSE, 8, 1645559978.799, 0.089, 0.089, 0.339, 0.375
1-SGD-MSE, 8, 1645559979.045, 0.089, 0.089, 0.395, 0.35
1-SGD-MSE, 8, 1645559979.288, 0.089, 0.089, 0.341, 0.358
1-SGD-MSE, 8, 1645559979.542, 0.089, 0.088, 0.358, 0.373
1-SGD-MSE, 8, 1645559979.792, 0.089, 0.088, 0.349, 0.373
1-SGD-MSE, 8, 1645559980.035, 0.089, 0.089, 0.334, 0.341
1-SGD-MSE, 8, 1645559980.287, 0.088, 0.088, 0.369, 0.39
1-SGD-MSE, 8, 1645559980.55, 0.088, 0.088, 0.362, 0.378
1-SGD-MSE, 8, 1645559980.798, 0.089, 0.088, 0.35, 0.38
1-SGD-MSE, 8, 1645559981.041, 0.088, 0.088, 0.369, 0.377
1-SGD-MSE, 8, 1645559981.284, 0.088, 0.088, 0.344, 0.356
1-SGD-MSE, 8, 1645559981.521, 0.088, 0.088, 0.341, 0.381
1-SGD-MSE, 8, 1645559981.768, 0.088, 0.088, 0.358, 0.372
1-SGD-MSE, 8, 1645559982.006, 0.088, 0.088, 0.37, 0.356
1-SGD-MSE, 8, 1645559982.259, 0.088, 0.088, 0.372, 0.369
1-SGD-MSE, 8, 1645559982.525, 0.088, 0.088, 0.356, 0.351
1-SGD-MSE, 8, 1645559982.785, 0.088, 0.088, 0.376, 0.368
1-SGD-MSE, 8, 1645559983.024, 0.088, 0.088, 0.348, 0.34
1-SGD-MSE, 8, 1645559983.276, 0.088, 0.088, 0.365, 0.352
1-SGD-MSE, 8, 1645559983.544, 0.088, 0.088, 0.348, 0.375
1-SGD-MSE, 8, 1645559983.805, 0.088, 0.088, 0.338, 0.345
1-SGD-MSE, 8, 1645559984.046, 0.088, 0.088, 0.38, 0.382
1-SGD-MSE, 8, 1645559984.294, 0.088, 0.088, 0.365, 0.381
1-SGD-MSE, 8, 1645559984.544, 0.088, 0.088, 0.361, 0.373
1-SGD-MSE, 8, 1645559984.802, 0.088, 0.088, 0.375, 0.355
1-SGD-MSE, 8, 1645559985.043, 0.088, 0.088, 0.366, 0.381
1-SGD-MSE, 8, 1645559985.291, 0.088, 0.088, 0.357, 0.348
1-SGD-MSE, 8, 1645559985.539, 0.088, 0.088, 0.352, 0.375
1-SGD-MSE, 8, 1645559985.788, 0.088, 0.088, 0.357, 0.358
1-SGD-MSE, 8, 1645559986.044, 0.088, 0.088, 0.4, 0.374
1-SGD-MSE, 8, 1645559986.303, 0.088, 0.088, 0.351, 0.342
1-SGD-MSE, 8, 1645559986.547, 0.088, 0.088, 0.379, 0.355
1-SGD-MSE, 8, 1645559986.806, 0.088, 0.088, 0.389, 0.345
1-SGD-MSE, 8, 1645559987.055, 0.088, 0.088, 0.362, 0.349
1-SGD-MSE, 8, 1645559987.304, 0.088, 0.088, 0.366, 0.335
1-SGD-MSE, 8, 1645559987.559, 0.088, 0.088, 0.365, 0.333
1-SGD-MSE, 8, 1645559987.809, 0.088, 0.088, 0.331, 0.369
1-SGD-MSE, 8, 1645559988.072, 0.088, 0.088, 0.344, 0.349
1-SGD-MSE, 8, 1645559988.324, 0.088, 0.088, 0.328, 0.343
1-SGD-MSE, 8, 1645559988.564, 0.088, 0.088, 0.366, 0.372
1-SGD-MSE, 8, 1645559988.814, 0.088, 0.088, 0.366, 0.353
1-SGD-MSE, 8, 1645559989.069, 0.088, 0.088, 0.356, 0.373
1-SGD-MSE, 8, 1645559989.321, 0.088, 0.088, 0.336, 0.368
1-SGD-MSE, 8, 1645559989.569, 0.088, 0.088, 0.337, 0.338
1-SGD-MSE, 8, 1645559989.819, 0.088, 0.088, 0.365, 0.34
1-SGD-MSE, 8, 1645559990.067, 0.088, 0.088, 0.373, 0.354
1-SGD-MSE, 8, 1645559990.322, 0.088, 0.088, 0.364, 0.373
1-SGD-MSE, 8, 1645559990.57, 0.088, 0.088, 0.383, 0.372
1-SGD-MSE, 8, 1645559990.81, 0.088, 0.088, 0.373, 0.335
1-SGD-MSE, 9, 1645559991.062, 0.088, 0.088, 0.353, 0.37
1-SGD-MSE, 9, 1645559991.31, 0.088, 0.088, 0.349, 0.343
1-SGD-MSE, 9, 1645559991.566, 0.088, 0.088, 0.329, 0.341
1-SGD-MSE, 9, 1645559991.83, 0.088, 0.088, 0.336, 0.363
1-SGD-MSE, 9, 1645559992.082, 0.088, 0.088, 0.37, 0.34
1-SGD-MSE, 9, 1645559992.332, 0.088, 0.088, 0.34, 0.345
1-SGD-MSE, 9, 1645559992.584, 0.088, 0.088, 0.372, 0.376
1-SGD-MSE, 9, 1645559992.835, 0.088, 0.088, 0.306, 0.341
1-SGD-MSE, 9, 1645559993.089, 0.088, 0.088, 0.357, 0.341
1-SGD-MSE, 9, 1645559993.354, 0.088, 0.088, 0.37, 0.342
1-SGD-MSE, 9, 1645559993.602, 0.088, 0.088, 0.388, 0.341
1-SGD-MSE, 9, 1645559993.854, 0.088, 0.088, 0.337, 0.359
1-SGD-MSE, 9, 1645559994.094, 0.088, 0.088, 0.383, 0.349
1-SGD-MSE, 9, 1645559994.35, 0.088, 0.088, 0.326, 0.365
1-SGD-MSE, 9, 1645559994.596, 0.088, 0.088, 0.338, 0.336
1-SGD-MSE, 9, 1645559994.859, 0.088, 0.088, 0.344, 0.334
1-SGD-MSE, 9, 1645559995.127, 0.088, 0.088, 0.33, 0.336
1-SGD-MSE, 9, 1645559995.392, 0.087, 0.088, 0.367, 0.338
1-SGD-MSE, 9, 1645559995.657, 0.087, 0.087, 0.358, 0.335
1-SGD-MSE, 9, 1645559995.906, 0.088, 0.088, 0.341, 0.343
1-SGD-MSE, 9, 1645559996.157, 0.087, 0.088, 0.345, 0.33
1-SGD-MSE, 9, 1645559996.398, 0.087, 0.087, 0.327, 0.362
1-SGD-MSE, 9, 1645559996.645, 0.087, 0.087, 0.34, 0.363
1-SGD-MSE, 9, 1645559996.918, 0.087, 0.087, 0.345, 0.334
1-SGD-MSE, 9, 1645559997.164, 0.087, 0.087, 0.363, 0.354
1-SGD-MSE, 9, 1645559997.404, 0.087, 0.087, 0.358, 0.333
1-SGD-MSE, 9, 1645559997.651, 0.087, 0.087, 0.336, 0.366
1-SGD-MSE, 9, 1645559997.888, 0.087, 0.087, 0.363, 0.366
1-SGD-MSE, 9, 1645559998.151, 0.087, 0.087, 0.345, 0.331
1-SGD-MSE, 9, 1645559998.395, 0.087, 0.087, 0.345, 0.349
1-SGD-MSE, 9, 1645559998.655, 0.087, 0.087, 0.327, 0.35
1-SGD-MSE, 9, 1645559998.897, 0.087, 0.087, 0.316, 0.333
1-SGD-MSE, 9, 1645559999.147, 0.087, 0.087, 0.367, 0.335
1-SGD-MSE, 9, 1645559999.401, 0.087, 0.087, 0.354, 0.334
1-SGD-MSE, 9, 1645559999.651, 0.087, 0.087, 0.346, 0.364
1-SGD-MSE, 9, 1645559999.904, 0.087, 0.087, 0.374, 0.333
1-SGD-MSE, 9, 1645560000.164, 0.087, 0.087, 0.37, 0.35
1-SGD-MSE, 9, 1645560000.413, 0.087, 0.087, 0.337, 0.359
1-SGD-MSE, 9, 1645560000.649, 0.087, 0.087, 0.343, 0.332
1-SGD-MSE, 9, 1645560000.903, 0.087, 0.087, 0.343, 0.323
1-SGD-MSE, 9, 1645560001.15, 0.087, 0.087, 0.347, 0.327
1-SGD-MSE, 9, 1645560001.415, 0.087, 0.087, 0.325, 0.355
1-SGD-MSE, 9, 1645560001.677, 0.087, 0.087, 0.355, 0.318
1-SGD-MSE, 9, 1645560001.937, 0.087, 0.087, 0.361, 0.344
1-SGD-MSE, 9, 1645560002.189, 0.087, 0.087, 0.337, 0.35
1-SGD-MSE, 9, 1645560002.442, 0.087, 0.087, 0.338, 0.318
1-SGD-MSE, 9, 1645560002.706, 0.087, 0.087, 0.341, 0.329
1-SGD-MSE, 9, 1645560002.958, 0.087, 0.087, 0.297, 0.317
1-SGD-MSE, 9, 1645560003.222, 0.087, 0.087, 0.322, 0.317
1-SGD-MSE, 9, 1645560003.47, 0.087, 0.087, 0.298, 0.324
1-SGD-MSE, 9, 1645560003.707, 0.087, 0.087, 0.342, 0.314
1-SGD-MSE, 9, 1645560003.958, 0.087, 0.087, 0.332, 0.325
1-SGD-MSE, 9, 1645560004.209, 0.087, 0.086, 0.332, 0.326
1-SGD-MSE, 9, 1645560004.468, 0.087, 0.086, 0.314, 0.328
1-SGD-MSE, 9, 1645560004.739, 0.087, 0.086, 0.297, 0.336
1-SGD-MSE, 9, 1645560004.998, 0.086, 0.086, 0.331, 0.346
1-SGD-MSE, 9, 1645560005.25, 0.086, 0.086, 0.321, 0.335
1-SGD-MSE, 9, 1645560005.502, 0.086, 0.086, 0.332, 0.309
1-SGD-MSE, 9, 1645560005.741, 0.086, 0.086, 0.343, 0.316
1-SGD-MSE, 9, 1645560006.002, 0.086, 0.086, 0.337, 0.33
