2-ADAM-CEL, 0, 1645571980.365, 2.302, 2.294, 0.102, 0.21
2-ADAM-CEL, 0, 1645571980.974, 2.294, 2.284, 0.2, 0.201
2-ADAM-CEL, 0, 1645571981.198, 2.283, 2.264, 0.209, 0.363
2-ADAM-CEL, 0, 1645571981.433, 2.265, 2.234, 0.363, 0.392
2-ADAM-CEL, 0, 1645571981.654, 2.24, 2.197, 0.371, 0.427
2-ADAM-CEL, 0, 1645571981.868, 2.206, 2.161, 0.397, 0.45
2-ADAM-CEL, 0, 1645571982.085, 2.154, 2.116, 0.46, 0.455
2-ADAM-CEL, 0, 1645571982.296, 2.09, 2.076, 0.48, 0.444
2-ADAM-CEL, 0, 1645571982.505, 2.065, 2.037, 0.468, 0.467
2-ADAM-CEL, 0, 1645571982.713, 2.061, 2.002, 0.43, 0.522
2-ADAM-CEL, 0, 1645571982.923, 2.002, 2.007, 0.543, 0.481
2-ADAM-CEL, 0, 1645571983.141, 2.018, 1.951, 0.48, 0.583
2-ADAM-CEL, 0, 1645571983.35, 1.961, 1.945, 0.584, 0.568
2-ADAM-CEL, 0, 1645571983.559, 1.937, 1.93, 0.592, 0.581
2-ADAM-CEL, 0, 1645571983.768, 1.924, 1.92, 0.582, 0.573
2-ADAM-CEL, 0, 1645571983.98, 1.887, 1.891, 0.608, 0.578
2-ADAM-CEL, 0, 1645571984.192, 1.897, 1.902, 0.576, 0.584
2-ADAM-CEL, 0, 1645571984.401, 1.894, 1.867, 0.577, 0.62
2-ADAM-CEL, 0, 1645571984.608, 1.848, 1.87, 0.637, 0.61
2-ADAM-CEL, 0, 1645571984.816, 1.869, 1.87, 0.614, 0.608
2-ADAM-CEL, 0, 1645571985.024, 1.856, 1.864, 0.62, 0.61
2-ADAM-CEL, 0, 1645571985.233, 1.843, 1.834, 0.632, 0.641
2-ADAM-CEL, 0, 1645571985.439, 1.868, 1.852, 0.61, 0.62
2-ADAM-CEL, 0, 1645571985.646, 1.827, 1.82, 0.645, 0.658
2-ADAM-CEL, 0, 1645571985.854, 1.831, 1.823, 0.646, 0.647
2-ADAM-CEL, 0, 1645571986.062, 1.823, 1.837, 0.646, 0.625
2-ADAM-CEL, 0, 1645571986.27, 1.829, 1.806, 0.638, 0.66
2-ADAM-CEL, 0, 1645571986.508, 1.821, 1.812, 0.636, 0.657
2-ADAM-CEL, 0, 1645571986.717, 1.799, 1.814, 0.67, 0.664
2-ADAM-CEL, 0, 1645571986.922, 1.787, 1.767, 0.697, 0.718
2-ADAM-CEL, 0, 1645571987.129, 1.766, 1.777, 0.727, 0.694
2-ADAM-CEL, 0, 1645571987.336, 1.784, 1.765, 0.675, 0.701
2-ADAM-CEL, 0, 1645571987.543, 1.759, 1.755, 0.707, 0.718
2-ADAM-CEL, 0, 1645571987.748, 1.769, 1.78, 0.703, 0.696
2-ADAM-CEL, 0, 1645571987.956, 1.784, 1.769, 0.693, 0.705
2-ADAM-CEL, 0, 1645571988.165, 1.758, 1.761, 0.713, 0.707
2-ADAM-CEL, 0, 1645571988.374, 1.756, 1.787, 0.716, 0.681
2-ADAM-CEL, 0, 1645571988.578, 1.762, 1.748, 0.701, 0.722
2-ADAM-CEL, 0, 1645571988.784, 1.751, 1.759, 0.723, 0.712
2-ADAM-CEL, 0, 1645571988.991, 1.755, 1.732, 0.717, 0.74
2-ADAM-CEL, 0, 1645571989.199, 1.735, 1.768, 0.73, 0.705
2-ADAM-CEL, 0, 1645571989.406, 1.749, 1.718, 0.724, 0.753
2-ADAM-CEL, 0, 1645571989.613, 1.741, 1.723, 0.728, 0.751
2-ADAM-CEL, 0, 1645571989.819, 1.743, 1.747, 0.725, 0.714
2-ADAM-CEL, 0, 1645571990.027, 1.725, 1.735, 0.745, 0.728
2-ADAM-CEL, 0, 1645571990.232, 1.737, 1.739, 0.73, 0.73
2-ADAM-CEL, 0, 1645571990.44, 1.762, 1.732, 0.701, 0.73
2-ADAM-CEL, 0, 1645571990.644, 1.717, 1.723, 0.745, 0.749
2-ADAM-CEL, 0, 1645571990.85, 1.727, 1.726, 0.742, 0.739
2-ADAM-CEL, 0, 1645571991.055, 1.73, 1.729, 0.73, 0.737
2-ADAM-CEL, 0, 1645571991.261, 1.745, 1.762, 0.717, 0.697
2-ADAM-CEL, 0, 1645571991.467, 1.717, 1.703, 0.752, 0.77
2-ADAM-CEL, 0, 1645571991.675, 1.719, 1.718, 0.748, 0.746
2-ADAM-CEL, 0, 1645571991.884, 1.716, 1.701, 0.753, 0.768
2-ADAM-CEL, 0, 1645571992.091, 1.735, 1.713, 0.727, 0.758
2-ADAM-CEL, 0, 1645571992.296, 1.725, 1.704, 0.738, 0.758
2-ADAM-CEL, 0, 1645571992.51, 1.723, 1.739, 0.742, 0.723
2-ADAM-CEL, 0, 1645571992.717, 1.711, 1.757, 0.755, 0.702
2-ADAM-CEL, 0, 1645571992.924, 1.734, 1.729, 0.732, 0.738
2-ADAM-CEL, 0, 1645571993.133, 1.735, 1.746, 0.731, 0.719
2-ADAM-CEL, 1, 1645571993.344, 1.688, 1.712, 0.782, 0.754
2-ADAM-CEL, 1, 1645571993.55, 1.707, 1.716, 0.763, 0.748
2-ADAM-CEL, 1, 1645571993.757, 1.72, 1.711, 0.742, 0.753
2-ADAM-CEL, 1, 1645571993.964, 1.724, 1.728, 0.732, 0.732
2-ADAM-CEL, 1, 1645571994.176, 1.715, 1.696, 0.752, 0.77
2-ADAM-CEL, 1, 1645571994.384, 1.713, 1.715, 0.751, 0.747
2-ADAM-CEL, 1, 1645571994.589, 1.691, 1.745, 0.774, 0.715
2-ADAM-CEL, 1, 1645571994.796, 1.696, 1.727, 0.765, 0.742
2-ADAM-CEL, 1, 1645571995.003, 1.694, 1.687, 0.766, 0.784
2-ADAM-CEL, 1, 1645571995.208, 1.712, 1.722, 0.755, 0.745
2-ADAM-CEL, 1, 1645571995.414, 1.718, 1.717, 0.748, 0.746
2-ADAM-CEL, 1, 1645571995.619, 1.702, 1.736, 0.759, 0.72
2-ADAM-CEL, 1, 1645571995.826, 1.704, 1.717, 0.763, 0.75
2-ADAM-CEL, 1, 1645571996.031, 1.704, 1.694, 0.758, 0.768
2-ADAM-CEL, 1, 1645571996.237, 1.69, 1.7, 0.77, 0.767
2-ADAM-CEL, 1, 1645571996.444, 1.699, 1.699, 0.763, 0.761
2-ADAM-CEL, 1, 1645571996.65, 1.701, 1.718, 0.763, 0.744
2-ADAM-CEL, 1, 1645571996.858, 1.714, 1.698, 0.752, 0.773
2-ADAM-CEL, 1, 1645571997.062, 1.683, 1.706, 0.777, 0.759
2-ADAM-CEL, 1, 1645571997.27, 1.705, 1.724, 0.759, 0.74
2-ADAM-CEL, 1, 1645571997.475, 1.694, 1.728, 0.771, 0.731
2-ADAM-CEL, 1, 1645571997.68, 1.68, 1.694, 0.784, 0.776
2-ADAM-CEL, 1, 1645571997.889, 1.716, 1.732, 0.748, 0.733
2-ADAM-CEL, 1, 1645571998.096, 1.689, 1.695, 0.776, 0.771
2-ADAM-CEL, 1, 1645571998.303, 1.701, 1.675, 0.765, 0.793
2-ADAM-CEL, 1, 1645571998.509, 1.671, 1.696, 0.795, 0.768
2-ADAM-CEL, 1, 1645571998.715, 1.688, 1.723, 0.782, 0.739
2-ADAM-CEL, 1, 1645571998.921, 1.688, 1.671, 0.776, 0.793
2-ADAM-CEL, 1, 1645571999.128, 1.693, 1.689, 0.774, 0.779
2-ADAM-CEL, 1, 1645571999.335, 1.699, 1.687, 0.766, 0.781
2-ADAM-CEL, 1, 1645571999.543, 1.683, 1.705, 0.781, 0.765
2-ADAM-CEL, 1, 1645571999.75, 1.685, 1.709, 0.781, 0.755
2-ADAM-CEL, 1, 1645571999.956, 1.682, 1.684, 0.78, 0.779
2-ADAM-CEL, 1, 1645572000.17, 1.696, 1.671, 0.767, 0.8
2-ADAM-CEL, 1, 1645572000.377, 1.7, 1.689, 0.766, 0.776
2-ADAM-CEL, 1, 1645572000.584, 1.675, 1.692, 0.793, 0.776
2-ADAM-CEL, 1, 1645572000.79, 1.681, 1.691, 0.785, 0.77
2-ADAM-CEL, 1, 1645572001.008, 1.686, 1.703, 0.782, 0.763
2-ADAM-CEL, 1, 1645572001.215, 1.704, 1.711, 0.762, 0.754
2-ADAM-CEL, 1, 1645572001.422, 1.699, 1.703, 0.763, 0.762
2-ADAM-CEL, 1, 1645572001.629, 1.667, 1.68, 0.794, 0.787
2-ADAM-CEL, 1, 1645572001.834, 1.703, 1.683, 0.76, 0.781
2-ADAM-CEL, 1, 1645572002.04, 1.693, 1.7, 0.775, 0.762
2-ADAM-CEL, 1, 1645572002.247, 1.677, 1.707, 0.786, 0.749
2-ADAM-CEL, 1, 1645572002.454, 1.666, 1.681, 0.804, 0.78
2-ADAM-CEL, 1, 1645572002.658, 1.684, 1.665, 0.784, 0.803
2-ADAM-CEL, 1, 1645572002.865, 1.706, 1.687, 0.761, 0.777
2-ADAM-CEL, 1, 1645572003.073, 1.673, 1.679, 0.789, 0.787
2-ADAM-CEL, 1, 1645572003.279, 1.688, 1.658, 0.778, 0.812
2-ADAM-CEL, 1, 1645572003.489, 1.674, 1.685, 0.792, 0.781
2-ADAM-CEL, 1, 1645572003.695, 1.701, 1.697, 0.761, 0.77
2-ADAM-CEL, 1, 1645572003.9, 1.686, 1.699, 0.778, 0.766
2-ADAM-CEL, 1, 1645572004.107, 1.687, 1.696, 0.773, 0.766
2-ADAM-CEL, 1, 1645572004.314, 1.681, 1.68, 0.787, 0.787
2-ADAM-CEL, 1, 1645572004.519, 1.694, 1.71, 0.773, 0.752
2-ADAM-CEL, 1, 1645572004.726, 1.681, 1.657, 0.784, 0.809
2-ADAM-CEL, 1, 1645572004.963, 1.68, 1.677, 0.78, 0.792
2-ADAM-CEL, 1, 1645572005.17, 1.675, 1.706, 0.79, 0.76
2-ADAM-CEL, 1, 1645572005.375, 1.686, 1.701, 0.775, 0.763
2-ADAM-CEL, 1, 1645572005.58, 1.685, 1.682, 0.78, 0.787
2-ADAM-CEL, 2, 1645572005.8, 1.652, 1.664, 0.822, 0.804
2-ADAM-CEL, 2, 1645572006.006, 1.684, 1.656, 0.776, 0.811
2-ADAM-CEL, 2, 1645572006.211, 1.675, 1.672, 0.792, 0.794
2-ADAM-CEL, 2, 1645572006.417, 1.687, 1.672, 0.783, 0.799
2-ADAM-CEL, 2, 1645572006.622, 1.676, 1.657, 0.786, 0.809
2-ADAM-CEL, 2, 1645572006.828, 1.678, 1.695, 0.788, 0.77
2-ADAM-CEL, 2, 1645572007.038, 1.661, 1.677, 0.808, 0.788
2-ADAM-CEL, 2, 1645572007.245, 1.664, 1.681, 0.799, 0.785
2-ADAM-CEL, 2, 1645572007.453, 1.659, 1.686, 0.81, 0.776
2-ADAM-CEL, 2, 1645572007.662, 1.682, 1.699, 0.784, 0.762
2-ADAM-CEL, 2, 1645572007.87, 1.683, 1.65, 0.78, 0.819
2-ADAM-CEL, 2, 1645572008.075, 1.666, 1.684, 0.797, 0.782
2-ADAM-CEL, 2, 1645572008.283, 1.683, 1.688, 0.779, 0.772
2-ADAM-CEL, 2, 1645572008.491, 1.673, 1.672, 0.792, 0.791
2-ADAM-CEL, 2, 1645572008.696, 1.674, 1.668, 0.793, 0.797
2-ADAM-CEL, 2, 1645572008.906, 1.672, 1.687, 0.795, 0.774
2-ADAM-CEL, 2, 1645572009.111, 1.679, 1.672, 0.789, 0.791
2-ADAM-CEL, 2, 1645572009.316, 1.683, 1.649, 0.784, 0.818
2-ADAM-CEL, 2, 1645572009.522, 1.661, 1.673, 0.805, 0.788
2-ADAM-CEL, 2, 1645572009.727, 1.676, 1.681, 0.79, 0.785
2-ADAM-CEL, 2, 1645572009.934, 1.664, 1.668, 0.804, 0.796
2-ADAM-CEL, 2, 1645572010.141, 1.659, 1.655, 0.802, 0.81
2-ADAM-CEL, 2, 1645572010.346, 1.686, 1.677, 0.779, 0.785
2-ADAM-CEL, 2, 1645572010.555, 1.661, 1.699, 0.804, 0.763
2-ADAM-CEL, 2, 1645572010.761, 1.667, 1.688, 0.799, 0.773
2-ADAM-CEL, 2, 1645572010.967, 1.642, 1.686, 0.823, 0.777
2-ADAM-CEL, 2, 1645572011.173, 1.663, 1.683, 0.802, 0.787
2-ADAM-CEL, 2, 1645572011.376, 1.662, 1.683, 0.8, 0.779
2-ADAM-CEL, 2, 1645572011.583, 1.667, 1.667, 0.8, 0.798
2-ADAM-CEL, 2, 1645572011.789, 1.673, 1.652, 0.788, 0.809
2-ADAM-CEL, 2, 1645572011.995, 1.652, 1.687, 0.816, 0.776
2-ADAM-CEL, 2, 1645572012.2, 1.662, 1.662, 0.803, 0.8
2-ADAM-CEL, 2, 1645572012.437, 1.661, 1.664, 0.801, 0.8
2-ADAM-CEL, 2, 1645572012.643, 1.665, 1.669, 0.803, 0.796
2-ADAM-CEL, 2, 1645572012.85, 1.683, 1.697, 0.778, 0.767
2-ADAM-CEL, 2, 1645572013.055, 1.654, 1.679, 0.812, 0.785
2-ADAM-CEL, 2, 1645572013.261, 1.656, 1.665, 0.81, 0.8
2-ADAM-CEL, 2, 1645572013.468, 1.656, 1.665, 0.81, 0.797
2-ADAM-CEL, 2, 1645572013.671, 1.682, 1.664, 0.783, 0.797
2-ADAM-CEL, 2, 1645572013.877, 1.668, 1.685, 0.794, 0.771
2-ADAM-CEL, 2, 1645572014.086, 1.649, 1.664, 0.815, 0.796
2-ADAM-CEL, 2, 1645572014.291, 1.678, 1.662, 0.786, 0.802
2-ADAM-CEL, 2, 1645572014.496, 1.668, 1.664, 0.797, 0.8
2-ADAM-CEL, 2, 1645572014.702, 1.662, 1.679, 0.805, 0.785
2-ADAM-CEL, 2, 1645572014.909, 1.656, 1.667, 0.813, 0.799
2-ADAM-CEL, 2, 1645572015.116, 1.665, 1.67, 0.797, 0.791
2-ADAM-CEL, 2, 1645572015.324, 1.686, 1.651, 0.779, 0.813
2-ADAM-CEL, 2, 1645572015.534, 1.655, 1.651, 0.812, 0.813
2-ADAM-CEL, 2, 1645572015.738, 1.678, 1.687, 0.783, 0.775
2-ADAM-CEL, 2, 1645572015.947, 1.661, 1.689, 0.806, 0.774
2-ADAM-CEL, 2, 1645572016.151, 1.68, 1.686, 0.784, 0.776
2-ADAM-CEL, 2, 1645572016.371, 1.674, 1.681, 0.79, 0.783
2-ADAM-CEL, 2, 1645572016.579, 1.669, 1.645, 0.796, 0.817
2-ADAM-CEL, 2, 1645572016.784, 1.662, 1.673, 0.808, 0.793
2-ADAM-CEL, 2, 1645572016.992, 1.673, 1.658, 0.789, 0.813
2-ADAM-CEL, 2, 1645572017.196, 1.66, 1.659, 0.804, 0.803
2-ADAM-CEL, 2, 1645572017.434, 1.659, 1.657, 0.803, 0.808
2-ADAM-CEL, 2, 1645572017.64, 1.659, 1.679, 0.805, 0.785
2-ADAM-CEL, 2, 1645572017.847, 1.665, 1.677, 0.796, 0.787
2-ADAM-CEL, 2, 1645572018.056, 1.67, 1.662, 0.793, 0.801
2-ADAM-CEL, 3, 1645572018.275, 1.638, 1.666, 0.826, 0.796
2-ADAM-CEL, 3, 1645572018.482, 1.656, 1.678, 0.81, 0.787
2-ADAM-CEL, 3, 1645572018.691, 1.66, 1.666, 0.804, 0.796
2-ADAM-CEL, 3, 1645572018.899, 1.669, 1.671, 0.789, 0.79
2-ADAM-CEL, 3, 1645572019.108, 1.653, 1.652, 0.813, 0.812
2-ADAM-CEL, 3, 1645572019.311, 1.662, 1.651, 0.809, 0.814
2-ADAM-CEL, 3, 1645572019.52, 1.642, 1.637, 0.827, 0.832
2-ADAM-CEL, 3, 1645572019.725, 1.64, 1.655, 0.822, 0.811
2-ADAM-CEL, 3, 1645572019.933, 1.634, 1.642, 0.835, 0.824
2-ADAM-CEL, 3, 1645572020.143, 1.654, 1.639, 0.813, 0.819
2-ADAM-CEL, 3, 1645572020.351, 1.665, 1.671, 0.797, 0.79
2-ADAM-CEL, 3, 1645572020.554, 1.64, 1.655, 0.831, 0.804
2-ADAM-CEL, 3, 1645572020.761, 1.661, 1.676, 0.795, 0.788
2-ADAM-CEL, 3, 1645572020.969, 1.657, 1.659, 0.812, 0.806
2-ADAM-CEL, 3, 1645572021.176, 1.654, 1.679, 0.812, 0.78
2-ADAM-CEL, 3, 1645572021.386, 1.648, 1.648, 0.818, 0.817
2-ADAM-CEL, 3, 1645572021.591, 1.658, 1.648, 0.807, 0.814
2-ADAM-CEL, 3, 1645572021.799, 1.658, 1.652, 0.806, 0.812
2-ADAM-CEL, 3, 1645572022.007, 1.644, 1.663, 0.824, 0.798
2-ADAM-CEL, 3, 1645572022.215, 1.656, 1.648, 0.814, 0.818
2-ADAM-CEL, 3, 1645572022.42, 1.641, 1.634, 0.825, 0.83
2-ADAM-CEL, 3, 1645572022.626, 1.634, 1.655, 0.835, 0.804
2-ADAM-CEL, 3, 1645572022.832, 1.657, 1.662, 0.802, 0.797
2-ADAM-CEL, 3, 1645572023.049, 1.639, 1.654, 0.821, 0.818
2-ADAM-CEL, 3, 1645572023.264, 1.642, 1.642, 0.822, 0.821
2-ADAM-CEL, 3, 1645572023.468, 1.618, 1.645, 0.849, 0.815
2-ADAM-CEL, 3, 1645572023.679, 1.638, 1.647, 0.827, 0.818
2-ADAM-CEL, 3, 1645572023.884, 1.634, 1.626, 0.83, 0.836
2-ADAM-CEL, 3, 1645572024.091, 1.627, 1.647, 0.84, 0.812
2-ADAM-CEL, 3, 1645572024.296, 1.666, 1.649, 0.801, 0.81
2-ADAM-CEL, 3, 1645572024.506, 1.624, 1.631, 0.843, 0.828
2-ADAM-CEL, 3, 1645572024.71, 1.642, 1.634, 0.818, 0.831
2-ADAM-CEL, 3, 1645572024.919, 1.647, 1.661, 0.811, 0.803
2-ADAM-CEL, 3, 1645572025.127, 1.659, 1.631, 0.8, 0.83
2-ADAM-CEL, 3, 1645572025.33, 1.666, 1.659, 0.793, 0.8
2-ADAM-CEL, 3, 1645572025.539, 1.627, 1.646, 0.836, 0.819
2-ADAM-CEL, 3, 1645572025.743, 1.634, 1.625, 0.836, 0.84
2-ADAM-CEL, 3, 1645572025.951, 1.639, 1.625, 0.824, 0.84
2-ADAM-CEL, 3, 1645572026.159, 1.63, 1.642, 0.843, 0.822
2-ADAM-CEL, 3, 1645572026.365, 1.659, 1.626, 0.803, 0.839
2-ADAM-CEL, 3, 1645572026.57, 1.624, 1.644, 0.84, 0.819
2-ADAM-CEL, 3, 1645572026.777, 1.655, 1.659, 0.808, 0.803
2-ADAM-CEL, 3, 1645572026.982, 1.641, 1.636, 0.824, 0.826
2-ADAM-CEL, 3, 1645572027.192, 1.633, 1.636, 0.833, 0.828
2-ADAM-CEL, 3, 1645572027.398, 1.629, 1.662, 0.833, 0.805
2-ADAM-CEL, 3, 1645572027.604, 1.64, 1.631, 0.829, 0.833
2-ADAM-CEL, 3, 1645572027.814, 1.665, 1.65, 0.802, 0.812
2-ADAM-CEL, 3, 1645572028.02, 1.623, 1.658, 0.845, 0.806
2-ADAM-CEL, 3, 1645572028.227, 1.641, 1.624, 0.82, 0.843
2-ADAM-CEL, 3, 1645572028.434, 1.632, 1.648, 0.832, 0.815
2-ADAM-CEL, 3, 1645572028.638, 1.641, 1.624, 0.826, 0.842
2-ADAM-CEL, 3, 1645572028.845, 1.648, 1.64, 0.816, 0.823
2-ADAM-CEL, 3, 1645572029.053, 1.641, 1.617, 0.819, 0.853
2-ADAM-CEL, 3, 1645572029.26, 1.63, 1.628, 0.838, 0.84
2-ADAM-CEL, 3, 1645572029.467, 1.648, 1.623, 0.819, 0.842
2-ADAM-CEL, 3, 1645572029.673, 1.629, 1.625, 0.843, 0.839
2-ADAM-CEL, 3, 1645572029.881, 1.628, 1.651, 0.837, 0.811
2-ADAM-CEL, 3, 1645572030.1, 1.635, 1.633, 0.831, 0.832
2-ADAM-CEL, 3, 1645572030.31, 1.642, 1.645, 0.825, 0.822
2-ADAM-CEL, 3, 1645572030.514, 1.634, 1.61, 0.831, 0.857
2-ADAM-CEL, 4, 1645572030.724, 1.613, 1.627, 0.854, 0.84
2-ADAM-CEL, 4, 1645572030.93, 1.627, 1.643, 0.837, 0.827
2-ADAM-CEL, 4, 1645572031.134, 1.635, 1.67, 0.83, 0.796
2-ADAM-CEL, 4, 1645572031.345, 1.643, 1.639, 0.825, 0.833
2-ADAM-CEL, 4, 1645572031.551, 1.619, 1.639, 0.847, 0.82
2-ADAM-CEL, 4, 1645572031.757, 1.634, 1.64, 0.831, 0.82
2-ADAM-CEL, 4, 1645572031.965, 1.617, 1.65, 0.851, 0.812
2-ADAM-CEL, 4, 1645572032.17, 1.62, 1.617, 0.84, 0.849
2-ADAM-CEL, 4, 1645572032.373, 1.611, 1.626, 0.857, 0.84
2-ADAM-CEL, 4, 1645572032.584, 1.625, 1.643, 0.842, 0.823
2-ADAM-CEL, 4, 1645572032.79, 1.64, 1.668, 0.831, 0.799
2-ADAM-CEL, 4, 1645572032.997, 1.631, 1.645, 0.834, 0.824
2-ADAM-CEL, 4, 1645572033.201, 1.628, 1.642, 0.836, 0.82
2-ADAM-CEL, 4, 1645572033.408, 1.622, 1.666, 0.844, 0.8
2-ADAM-CEL, 4, 1645572033.618, 1.638, 1.629, 0.822, 0.838
2-ADAM-CEL, 4, 1645572033.826, 1.627, 1.646, 0.839, 0.825
2-ADAM-CEL, 4, 1645572034.031, 1.633, 1.643, 0.832, 0.823
2-ADAM-CEL, 4, 1645572034.236, 1.629, 1.641, 0.841, 0.82
2-ADAM-CEL, 4, 1645572034.443, 1.623, 1.634, 0.842, 0.835
2-ADAM-CEL, 4, 1645572034.65, 1.628, 1.636, 0.84, 0.829
2-ADAM-CEL, 4, 1645572034.856, 1.635, 1.632, 0.829, 0.838
2-ADAM-CEL, 4, 1645572035.061, 1.611, 1.643, 0.861, 0.825
2-ADAM-CEL, 4, 1645572035.269, 1.639, 1.644, 0.829, 0.816
2-ADAM-CEL, 4, 1645572035.478, 1.618, 1.657, 0.844, 0.805
2-ADAM-CEL, 4, 1645572035.685, 1.622, 1.623, 0.842, 0.842
2-ADAM-CEL, 4, 1645572035.914, 1.601, 1.643, 0.864, 0.822
2-ADAM-CEL, 4, 1645572036.119, 1.621, 1.634, 0.842, 0.834
2-ADAM-CEL, 4, 1645572036.326, 1.612, 1.641, 0.848, 0.824
2-ADAM-CEL, 4, 1645572036.532, 1.617, 1.625, 0.848, 0.835
2-ADAM-CEL, 4, 1645572036.739, 1.631, 1.622, 0.833, 0.845
2-ADAM-CEL, 4, 1645572036.944, 1.608, 1.643, 0.855, 0.816
2-ADAM-CEL, 4, 1645572037.151, 1.619, 1.636, 0.849, 0.818
2-ADAM-CEL, 4, 1645572037.362, 1.616, 1.615, 0.843, 0.849
2-ADAM-CEL, 4, 1645572037.566, 1.613, 1.624, 0.85, 0.841
2-ADAM-CEL, 4, 1645572037.773, 1.63, 1.639, 0.83, 0.827
2-ADAM-CEL, 4, 1645572037.981, 1.618, 1.633, 0.851, 0.831
2-ADAM-CEL, 4, 1645572038.187, 1.613, 1.634, 0.856, 0.829
2-ADAM-CEL, 4, 1645572038.397, 1.614, 1.641, 0.856, 0.817
2-ADAM-CEL, 4, 1645572038.6, 1.631, 1.636, 0.839, 0.827
2-ADAM-CEL, 4, 1645572038.806, 1.631, 1.62, 0.835, 0.841
2-ADAM-CEL, 4, 1645572039.014, 1.61, 1.617, 0.854, 0.847
2-ADAM-CEL, 4, 1645572039.222, 1.62, 1.614, 0.841, 0.848
2-ADAM-CEL, 4, 1645572039.431, 1.614, 1.619, 0.851, 0.842
2-ADAM-CEL, 4, 1645572039.637, 1.614, 1.624, 0.859, 0.841
2-ADAM-CEL, 4, 1645572039.841, 1.608, 1.612, 0.857, 0.848
2-ADAM-CEL, 4, 1645572040.048, 1.624, 1.632, 0.844, 0.83
2-ADAM-CEL, 4, 1645572040.254, 1.646, 1.634, 0.818, 0.826
2-ADAM-CEL, 4, 1645572040.458, 1.608, 1.6, 0.856, 0.859
2-ADAM-CEL, 4, 1645572040.666, 1.618, 1.635, 0.844, 0.828
2-ADAM-CEL, 4, 1645572040.873, 1.621, 1.634, 0.846, 0.833
2-ADAM-CEL, 4, 1645572041.081, 1.625, 1.606, 0.839, 0.857
2-ADAM-CEL, 4, 1645572041.286, 1.617, 1.625, 0.849, 0.846
2-ADAM-CEL, 4, 1645572041.493, 1.621, 1.632, 0.845, 0.827
2-ADAM-CEL, 4, 1645572041.697, 1.607, 1.613, 0.861, 0.85
2-ADAM-CEL, 4, 1645572041.906, 1.63, 1.639, 0.837, 0.819
2-ADAM-CEL, 4, 1645572042.115, 1.614, 1.635, 0.852, 0.829
2-ADAM-CEL, 4, 1645572042.325, 1.609, 1.648, 0.855, 0.813
2-ADAM-CEL, 4, 1645572042.528, 1.624, 1.613, 0.839, 0.853
2-ADAM-CEL, 4, 1645572042.733, 1.615, 1.624, 0.848, 0.842
2-ADAM-CEL, 4, 1645572042.941, 1.608, 1.61, 0.855, 0.852
2-ADAM-CEL, 5, 1645572043.153, 1.595, 1.638, 0.868, 0.824
2-ADAM-CEL, 5, 1645572043.386, 1.617, 1.628, 0.846, 0.835
2-ADAM-CEL, 5, 1645572043.594, 1.618, 1.622, 0.848, 0.849
2-ADAM-CEL, 5, 1645572043.801, 1.622, 1.613, 0.852, 0.853
2-ADAM-CEL, 5, 1645572044.01, 1.61, 1.637, 0.853, 0.827
2-ADAM-CEL, 5, 1645572044.222, 1.623, 1.627, 0.831, 0.84
2-ADAM-CEL, 5, 1645572044.43, 1.606, 1.636, 0.863, 0.831
2-ADAM-CEL, 5, 1645572044.644, 1.606, 1.629, 0.864, 0.842
2-ADAM-CEL, 5, 1645572044.852, 1.594, 1.61, 0.873, 0.852
2-ADAM-CEL, 5, 1645572045.06, 1.612, 1.648, 0.855, 0.809
2-ADAM-CEL, 5, 1645572045.267, 1.625, 1.626, 0.843, 0.838
2-ADAM-CEL, 5, 1645572045.476, 1.613, 1.621, 0.845, 0.844
2-ADAM-CEL, 5, 1645572045.681, 1.612, 1.611, 0.858, 0.856
2-ADAM-CEL, 5, 1645572045.887, 1.614, 1.628, 0.849, 0.834
2-ADAM-CEL, 5, 1645572046.093, 1.617, 1.608, 0.848, 0.859
2-ADAM-CEL, 5, 1645572046.302, 1.607, 1.634, 0.862, 0.829
2-ADAM-CEL, 5, 1645572046.507, 1.626, 1.628, 0.839, 0.836
2-ADAM-CEL, 5, 1645572046.717, 1.608, 1.628, 0.863, 0.835
2-ADAM-CEL, 5, 1645572046.922, 1.605, 1.592, 0.862, 0.873
2-ADAM-CEL, 5, 1645572047.127, 1.613, 1.634, 0.858, 0.831
2-ADAM-CEL, 5, 1645572047.334, 1.621, 1.613, 0.843, 0.85
2-ADAM-CEL, 5, 1645572047.538, 1.6, 1.608, 0.864, 0.86
2-ADAM-CEL, 5, 1645572047.746, 1.622, 1.623, 0.843, 0.834
2-ADAM-CEL, 5, 1645572047.951, 1.602, 1.622, 0.858, 0.84
2-ADAM-CEL, 5, 1645572048.154, 1.605, 1.627, 0.861, 0.836
2-ADAM-CEL, 5, 1645572048.382, 1.589, 1.59, 0.877, 0.877
2-ADAM-CEL, 5, 1645572048.588, 1.606, 1.624, 0.851, 0.844
2-ADAM-CEL, 5, 1645572048.795, 1.596, 1.63, 0.87, 0.829
2-ADAM-CEL, 5, 1645572049.001, 1.602, 1.613, 0.862, 0.857
2-ADAM-CEL, 5, 1645572049.209, 1.621, 1.627, 0.844, 0.832
2-ADAM-CEL, 5, 1645572049.415, 1.589, 1.613, 0.874, 0.852
2-ADAM-CEL, 5, 1645572049.624, 1.593, 1.591, 0.872, 0.874
2-ADAM-CEL, 5, 1645572049.829, 1.599, 1.629, 0.861, 0.839
2-ADAM-CEL, 5, 1645572050.037, 1.606, 1.612, 0.859, 0.849
2-ADAM-CEL, 5, 1645572050.245, 1.623, 1.592, 0.839, 0.87
2-ADAM-CEL, 5, 1645572050.448, 1.603, 1.591, 0.861, 0.876
2-ADAM-CEL, 5, 1645572050.654, 1.603, 1.618, 0.857, 0.844
2-ADAM-CEL, 5, 1645572050.859, 1.606, 1.62, 0.861, 0.845
2-ADAM-CEL, 5, 1645572051.062, 1.622, 1.616, 0.84, 0.849
2-ADAM-CEL, 5, 1645572051.271, 1.62, 1.604, 0.843, 0.857
2-ADAM-CEL, 5, 1645572051.475, 1.59, 1.603, 0.878, 0.859
2-ADAM-CEL, 5, 1645572051.683, 1.605, 1.641, 0.865, 0.824
2-ADAM-CEL, 5, 1645572051.887, 1.605, 1.587, 0.865, 0.871
2-ADAM-CEL, 5, 1645572052.099, 1.602, 1.586, 0.864, 0.88
2-ADAM-CEL, 5, 1645572052.305, 1.596, 1.638, 0.862, 0.832
2-ADAM-CEL, 5, 1645572052.511, 1.604, 1.621, 0.866, 0.847
2-ADAM-CEL, 5, 1645572052.716, 1.636, 1.623, 0.83, 0.842
2-ADAM-CEL, 5, 1645572052.923, 1.602, 1.601, 0.863, 0.862
2-ADAM-CEL, 5, 1645572053.131, 1.613, 1.624, 0.851, 0.842
2-ADAM-CEL, 5, 1645572053.34, 1.603, 1.627, 0.865, 0.842
2-ADAM-CEL, 5, 1645572053.549, 1.615, 1.603, 0.845, 0.858
2-ADAM-CEL, 5, 1645572053.756, 1.615, 1.616, 0.847, 0.851
2-ADAM-CEL, 5, 1645572053.959, 1.603, 1.625, 0.863, 0.835
2-ADAM-CEL, 5, 1645572054.167, 1.6, 1.626, 0.866, 0.835
2-ADAM-CEL, 5, 1645572054.371, 1.619, 1.637, 0.846, 0.825
2-ADAM-CEL, 5, 1645572054.577, 1.606, 1.614, 0.859, 0.854
2-ADAM-CEL, 5, 1645572054.784, 1.596, 1.597, 0.866, 0.868
2-ADAM-CEL, 5, 1645572054.994, 1.611, 1.628, 0.857, 0.836
2-ADAM-CEL, 5, 1645572055.201, 1.61, 1.621, 0.858, 0.843
2-ADAM-CEL, 5, 1645572055.406, 1.595, 1.645, 0.867, 0.82
2-ADAM-CEL, 6, 1645572055.619, 1.587, 1.625, 0.877, 0.842
2-ADAM-CEL, 6, 1645572055.822, 1.613, 1.624, 0.857, 0.843
2-ADAM-CEL, 6, 1645572056.027, 1.604, 1.587, 0.863, 0.879
2-ADAM-CEL, 6, 1645572056.234, 1.618, 1.598, 0.843, 0.869
2-ADAM-CEL, 6, 1645572056.443, 1.602, 1.629, 0.868, 0.839
2-ADAM-CEL, 6, 1645572056.648, 1.609, 1.602, 0.851, 0.859
2-ADAM-CEL, 6, 1645572056.853, 1.597, 1.614, 0.871, 0.854
2-ADAM-CEL, 6, 1645572057.059, 1.601, 1.619, 0.862, 0.845
2-ADAM-CEL, 6, 1645572057.261, 1.59, 1.596, 0.877, 0.87
2-ADAM-CEL, 6, 1645572057.468, 1.602, 1.624, 0.861, 0.846
2-ADAM-CEL, 6, 1645572057.678, 1.622, 1.616, 0.841, 0.849
2-ADAM-CEL, 6, 1645572057.884, 1.603, 1.603, 0.864, 0.857
2-ADAM-CEL, 6, 1645572058.091, 1.603, 1.588, 0.863, 0.876
2-ADAM-CEL, 6, 1645572058.301, 1.604, 1.626, 0.86, 0.84
2-ADAM-CEL, 6, 1645572058.506, 1.617, 1.609, 0.847, 0.858
2-ADAM-CEL, 6, 1645572058.711, 1.599, 1.63, 0.869, 0.832
2-ADAM-CEL, 6, 1645572058.915, 1.619, 1.619, 0.845, 0.84
2-ADAM-CEL, 6, 1645572059.122, 1.595, 1.626, 0.871, 0.831
2-ADAM-CEL, 6, 1645572059.327, 1.594, 1.6, 0.874, 0.862
2-ADAM-CEL, 6, 1645572059.534, 1.606, 1.636, 0.862, 0.827
2-ADAM-CEL, 6, 1645572059.741, 1.607, 1.599, 0.852, 0.866
2-ADAM-CEL, 6, 1645572059.946, 1.591, 1.585, 0.874, 0.878
2-ADAM-CEL, 6, 1645572060.151, 1.616, 1.595, 0.844, 0.873
2-ADAM-CEL, 6, 1645572060.358, 1.594, 1.632, 0.866, 0.834
2-ADAM-CEL, 6, 1645572060.562, 1.593, 1.619, 0.877, 0.843
2-ADAM-CEL, 6, 1645572060.768, 1.584, 1.624, 0.88, 0.837
2-ADAM-CEL, 6, 1645572060.976, 1.603, 1.614, 0.857, 0.852
2-ADAM-CEL, 6, 1645572061.182, 1.589, 1.599, 0.878, 0.862
2-ADAM-CEL, 6, 1645572061.386, 1.6, 1.597, 0.866, 0.868
2-ADAM-CEL, 6, 1645572061.594, 1.612, 1.597, 0.851, 0.866
2-ADAM-CEL, 6, 1645572061.801, 1.579, 1.605, 0.882, 0.859
2-ADAM-CEL, 6, 1645572062.007, 1.587, 1.602, 0.878, 0.859
2-ADAM-CEL, 6, 1645572062.212, 1.59, 1.615, 0.873, 0.848
2-ADAM-CEL, 6, 1645572062.419, 1.596, 1.645, 0.867, 0.816
2-ADAM-CEL, 6, 1645572062.626, 1.61, 1.603, 0.856, 0.855
2-ADAM-CEL, 6, 1645572062.831, 1.6, 1.618, 0.868, 0.846
2-ADAM-CEL, 6, 1645572063.04, 1.593, 1.616, 0.87, 0.846
2-ADAM-CEL, 6, 1645572063.246, 1.597, 1.62, 0.864, 0.848
2-ADAM-CEL, 6, 1645572063.451, 1.615, 1.628, 0.849, 0.834
2-ADAM-CEL, 6, 1645572063.656, 1.619, 1.601, 0.842, 0.865
2-ADAM-CEL, 6, 1645572063.861, 1.586, 1.616, 0.878, 0.846
2-ADAM-CEL, 6, 1645572064.069, 1.602, 1.6, 0.865, 0.863
2-ADAM-CEL, 6, 1645572064.279, 1.6, 1.636, 0.865, 0.829
2-ADAM-CEL, 6, 1645572064.486, 1.596, 1.62, 0.868, 0.843
2-ADAM-CEL, 6, 1645572064.692, 1.59, 1.611, 0.875, 0.852
2-ADAM-CEL, 6, 1645572064.9, 1.607, 1.623, 0.86, 0.841
2-ADAM-CEL, 6, 1645572065.107, 1.635, 1.604, 0.827, 0.858
2-ADAM-CEL, 6, 1645572065.314, 1.592, 1.613, 0.87, 0.849
2-ADAM-CEL, 6, 1645572065.524, 1.603, 1.619, 0.859, 0.841
2-ADAM-CEL, 6, 1645572065.73, 1.602, 1.614, 0.868, 0.849
2-ADAM-CEL, 6, 1645572065.937, 1.61, 1.581, 0.856, 0.882
2-ADAM-CEL, 6, 1645572066.147, 1.6, 1.611, 0.865, 0.853
2-ADAM-CEL, 6, 1645572066.352, 1.595, 1.621, 0.876, 0.841
2-ADAM-CEL, 6, 1645572066.559, 1.594, 1.617, 0.869, 0.845
2-ADAM-CEL, 6, 1645572066.786, 1.613, 1.62, 0.849, 0.844
2-ADAM-CEL, 6, 1645572066.992, 1.605, 1.601, 0.857, 0.858
2-ADAM-CEL, 6, 1645572067.2, 1.592, 1.595, 0.875, 0.871
2-ADAM-CEL, 6, 1645572067.408, 1.611, 1.618, 0.852, 0.845
2-ADAM-CEL, 6, 1645572067.613, 1.604, 1.608, 0.856, 0.855
2-ADAM-CEL, 6, 1645572067.819, 1.591, 1.597, 0.873, 0.867
2-ADAM-CEL, 7, 1645572068.03, 1.578, 1.595, 0.89, 0.868
2-ADAM-CEL, 7, 1645572068.234, 1.601, 1.642, 0.868, 0.82
2-ADAM-CEL, 7, 1645572068.441, 1.601, 1.606, 0.862, 0.859
2-ADAM-CEL, 7, 1645572068.648, 1.617, 1.607, 0.845, 0.853
2-ADAM-CEL, 7, 1645572068.854, 1.598, 1.629, 0.871, 0.836
2-ADAM-CEL, 7, 1645572069.061, 1.6, 1.585, 0.861, 0.884
2-ADAM-CEL, 7, 1645572069.269, 1.591, 1.603, 0.875, 0.86
2-ADAM-CEL, 7, 1645572069.476, 1.604, 1.594, 0.854, 0.87
2-ADAM-CEL, 7, 1645572069.681, 1.6, 1.597, 0.863, 0.866
2-ADAM-CEL, 7, 1645572069.889, 1.602, 1.596, 0.86, 0.871
2-ADAM-CEL, 7, 1645572070.096, 1.615, 1.597, 0.849, 0.869
2-ADAM-CEL, 7, 1645572070.304, 1.595, 1.611, 0.87, 0.857
2-ADAM-CEL, 7, 1645572070.513, 1.607, 1.617, 0.852, 0.848
2-ADAM-CEL, 7, 1645572070.72, 1.599, 1.607, 0.864, 0.864
2-ADAM-CEL, 7, 1645572070.924, 1.6, 1.597, 0.861, 0.868
2-ADAM-CEL, 7, 1645572071.132, 1.593, 1.604, 0.871, 0.856
2-ADAM-CEL, 7, 1645572071.337, 1.614, 1.612, 0.851, 0.855
2-ADAM-CEL, 7, 1645572071.544, 1.604, 1.601, 0.861, 0.864
2-ADAM-CEL, 7, 1645572071.748, 1.588, 1.597, 0.876, 0.868
2-ADAM-CEL, 7, 1645572071.956, 1.605, 1.58, 0.863, 0.886
2-ADAM-CEL, 7, 1645572072.163, 1.6, 1.604, 0.858, 0.861
2-ADAM-CEL, 7, 1645572072.371, 1.589, 1.616, 0.871, 0.847
2-ADAM-CEL, 7, 1645572072.577, 1.612, 1.605, 0.851, 0.86
2-ADAM-CEL, 7, 1645572072.785, 1.585, 1.589, 0.874, 0.882
2-ADAM-CEL, 7, 1645572072.993, 1.587, 1.59, 0.879, 0.876
2-ADAM-CEL, 7, 1645572073.202, 1.578, 1.581, 0.887, 0.881
2-ADAM-CEL, 7, 1645572073.41, 1.599, 1.594, 0.867, 0.868
2-ADAM-CEL, 7, 1645572073.617, 1.585, 1.596, 0.878, 0.864
2-ADAM-CEL, 7, 1645572073.821, 1.598, 1.606, 0.866, 0.853
2-ADAM-CEL, 7, 1645572074.029, 1.612, 1.606, 0.853, 0.86
2-ADAM-CEL, 7, 1645572074.266, 1.569, 1.592, 0.901, 0.869
2-ADAM-CEL, 7, 1645572074.473, 1.584, 1.599, 0.881, 0.863
2-ADAM-CEL, 7, 1645572074.677, 1.586, 1.589, 0.883, 0.873
2-ADAM-CEL, 7, 1645572074.885, 1.583, 1.607, 0.879, 0.857
2-ADAM-CEL, 7, 1645572075.091, 1.608, 1.605, 0.854, 0.856
2-ADAM-CEL, 7, 1645572075.297, 1.6, 1.599, 0.863, 0.867
2-ADAM-CEL, 7, 1645572075.502, 1.594, 1.604, 0.871, 0.851
2-ADAM-CEL, 7, 1645572075.707, 1.597, 1.631, 0.87, 0.83
2-ADAM-CEL, 7, 1645572075.915, 1.602, 1.599, 0.864, 0.866
2-ADAM-CEL, 7, 1645572076.121, 1.618, 1.609, 0.847, 0.85
2-ADAM-CEL, 7, 1645572076.33, 1.576, 1.59, 0.887, 0.871
2-ADAM-CEL, 7, 1645572076.534, 1.601, 1.58, 0.866, 0.881
2-ADAM-CEL, 7, 1645572076.739, 1.6, 1.603, 0.862, 0.856
2-ADAM-CEL, 7, 1645572076.944, 1.602, 1.607, 0.867, 0.859
2-ADAM-CEL, 7, 1645572077.15, 1.584, 1.616, 0.881, 0.845
2-ADAM-CEL, 7, 1645572077.358, 1.595, 1.609, 0.869, 0.857
2-ADAM-CEL, 7, 1645572077.566, 1.633, 1.612, 0.832, 0.851
2-ADAM-CEL, 7, 1645572077.775, 1.598, 1.6, 0.865, 0.86
2-ADAM-CEL, 7, 1645572077.983, 1.594, 1.576, 0.867, 0.89
2-ADAM-CEL, 7, 1645572078.19, 1.596, 1.625, 0.867, 0.832
2-ADAM-CEL, 7, 1645572078.393, 1.607, 1.602, 0.858, 0.859
2-ADAM-CEL, 7, 1645572078.601, 1.612, 1.608, 0.848, 0.853
2-ADAM-CEL, 7, 1645572078.808, 1.589, 1.623, 0.876, 0.843
2-ADAM-CEL, 7, 1645572079.015, 1.588, 1.608, 0.874, 0.858
2-ADAM-CEL, 7, 1645572079.244, 1.606, 1.584, 0.857, 0.877
2-ADAM-CEL, 7, 1645572079.449, 1.604, 1.61, 0.86, 0.855
2-ADAM-CEL, 7, 1645572079.652, 1.597, 1.617, 0.865, 0.848
2-ADAM-CEL, 7, 1645572079.86, 1.606, 1.633, 0.85, 0.829
2-ADAM-CEL, 7, 1645572080.066, 1.597, 1.607, 0.865, 0.857
2-ADAM-CEL, 7, 1645572080.275, 1.582, 1.614, 0.884, 0.848
2-ADAM-CEL, 8, 1645572080.487, 1.572, 1.619, 0.894, 0.839
2-ADAM-CEL, 8, 1645572080.691, 1.595, 1.617, 0.872, 0.842
2-ADAM-CEL, 8, 1645572080.896, 1.599, 1.595, 0.865, 0.866
2-ADAM-CEL, 8, 1645572081.101, 1.605, 1.596, 0.86, 0.865
2-ADAM-CEL, 8, 1645572081.311, 1.589, 1.609, 0.873, 0.854
2-ADAM-CEL, 8, 1645572081.516, 1.601, 1.59, 0.857, 0.875
2-ADAM-CEL, 8, 1645572081.721, 1.584, 1.596, 0.884, 0.867
2-ADAM-CEL, 8, 1645572081.926, 1.591, 1.617, 0.872, 0.848
2-ADAM-CEL, 8, 1645572082.135, 1.586, 1.604, 0.875, 0.86
2-ADAM-CEL, 8, 1645572082.34, 1.601, 1.584, 0.864, 0.876
2-ADAM-CEL, 8, 1645572082.544, 1.615, 1.591, 0.849, 0.872
2-ADAM-CEL, 8, 1645572082.752, 1.593, 1.596, 0.868, 0.869
2-ADAM-CEL, 8, 1645572082.96, 1.598, 1.594, 0.866, 0.869
2-ADAM-CEL, 8, 1645572083.175, 1.598, 1.607, 0.868, 0.861
2-ADAM-CEL, 8, 1645572083.386, 1.596, 1.592, 0.866, 0.872
2-ADAM-CEL, 8, 1645572083.593, 1.596, 1.575, 0.867, 0.889
2-ADAM-CEL, 8, 1645572083.798, 1.612, 1.628, 0.853, 0.837
2-ADAM-CEL, 8, 1645572084.003, 1.601, 1.617, 0.863, 0.842
2-ADAM-CEL, 8, 1645572084.207, 1.592, 1.629, 0.874, 0.835
2-ADAM-CEL, 8, 1645572084.416, 1.606, 1.596, 0.859, 0.869
2-ADAM-CEL, 8, 1645572084.622, 1.588, 1.596, 0.876, 0.864
2-ADAM-CEL, 8, 1645572084.828, 1.582, 1.601, 0.879, 0.862
2-ADAM-CEL, 8, 1645572085.035, 1.607, 1.607, 0.858, 0.855
2-ADAM-CEL, 8, 1645572085.244, 1.586, 1.632, 0.875, 0.831
2-ADAM-CEL, 8, 1645572085.458, 1.587, 1.604, 0.874, 0.861
2-ADAM-CEL, 8, 1645572085.673, 1.58, 1.601, 0.882, 0.864
2-ADAM-CEL, 8, 1645572085.883, 1.6, 1.615, 0.866, 0.848
2-ADAM-CEL, 8, 1645572086.089, 1.578, 1.603, 0.889, 0.858
2-ADAM-CEL, 8, 1645572086.298, 1.598, 1.62, 0.863, 0.844
2-ADAM-CEL, 8, 1645572086.505, 1.597, 1.613, 0.868, 0.853
2-ADAM-CEL, 8, 1645572086.711, 1.565, 1.574, 0.902, 0.893
2-ADAM-CEL, 8, 1645572086.921, 1.58, 1.594, 0.882, 0.866
2-ADAM-CEL, 8, 1645572087.126, 1.58, 1.611, 0.884, 0.85
2-ADAM-CEL, 8, 1645572087.333, 1.58, 1.595, 0.883, 0.865
2-ADAM-CEL, 8, 1645572087.541, 1.606, 1.595, 0.855, 0.864
2-ADAM-CEL, 8, 1645572087.748, 1.591, 1.598, 0.875, 0.862
2-ADAM-CEL, 8, 1645572087.959, 1.594, 1.618, 0.865, 0.841
2-ADAM-CEL, 8, 1645572088.165, 1.592, 1.599, 0.871, 0.868
2-ADAM-CEL, 8, 1645572088.37, 1.595, 1.594, 0.867, 0.869
2-ADAM-CEL, 8, 1645572088.578, 1.609, 1.631, 0.853, 0.827
2-ADAM-CEL, 8, 1645572088.786, 1.576, 1.614, 0.886, 0.849
2-ADAM-CEL, 8, 1645572088.994, 1.602, 1.584, 0.86, 0.88
2-ADAM-CEL, 8, 1645572089.202, 1.594, 1.625, 0.872, 0.836
2-ADAM-CEL, 8, 1645572089.405, 1.59, 1.608, 0.874, 0.856
2-ADAM-CEL, 8, 1645572089.612, 1.587, 1.619, 0.88, 0.84
2-ADAM-CEL, 8, 1645572089.821, 1.596, 1.614, 0.868, 0.847
2-ADAM-CEL, 8, 1645572090.028, 1.623, 1.618, 0.842, 0.846
2-ADAM-CEL, 8, 1645572090.236, 1.586, 1.619, 0.876, 0.843
2-ADAM-CEL, 8, 1645572090.442, 1.592, 1.573, 0.871, 0.892
2-ADAM-CEL, 8, 1645572090.649, 1.592, 1.585, 0.872, 0.873
2-ADAM-CEL, 8, 1645572090.858, 1.596, 1.596, 0.866, 0.869
2-ADAM-CEL, 8, 1645572091.066, 1.59, 1.59, 0.877, 0.871
2-ADAM-CEL, 8, 1645572091.273, 1.59, 1.608, 0.872, 0.861
2-ADAM-CEL, 8, 1645572091.481, 1.587, 1.602, 0.876, 0.86
2-ADAM-CEL, 8, 1645572091.685, 1.607, 1.6, 0.853, 0.862
2-ADAM-CEL, 8, 1645572091.894, 1.595, 1.604, 0.867, 0.858
2-ADAM-CEL, 8, 1645572092.101, 1.594, 1.606, 0.867, 0.854
2-ADAM-CEL, 8, 1645572092.308, 1.606, 1.586, 0.858, 0.879
2-ADAM-CEL, 8, 1645572092.518, 1.587, 1.6, 0.879, 0.868
2-ADAM-CEL, 8, 1645572092.725, 1.579, 1.59, 0.887, 0.87
2-ADAM-CEL, 9, 1645572092.941, 1.574, 1.615, 0.89, 0.845
2-ADAM-CEL, 9, 1645572093.155, 1.593, 1.587, 0.867, 0.874
2-ADAM-CEL, 9, 1645572093.36, 1.589, 1.605, 0.876, 0.858
2-ADAM-CEL, 9, 1645572093.569, 1.6, 1.603, 0.86, 0.86
2-ADAM-CEL, 9, 1645572093.774, 1.585, 1.591, 0.876, 0.871
2-ADAM-CEL, 9, 1645572093.979, 1.593, 1.614, 0.871, 0.852
2-ADAM-CEL, 9, 1645572094.184, 1.577, 1.615, 0.888, 0.852
2-ADAM-CEL, 9, 1645572094.39, 1.586, 1.574, 0.876, 0.892
2-ADAM-CEL, 9, 1645572094.597, 1.579, 1.618, 0.883, 0.848
2-ADAM-CEL, 9, 1645572094.804, 1.588, 1.594, 0.876, 0.868
2-ADAM-CEL, 9, 1645572095.01, 1.605, 1.601, 0.856, 0.865
2-ADAM-CEL, 9, 1645572095.214, 1.588, 1.59, 0.876, 0.872
2-ADAM-CEL, 9, 1645572095.42, 1.593, 1.602, 0.872, 0.862
2-ADAM-CEL, 9, 1645572095.628, 1.588, 1.613, 0.878, 0.851
2-ADAM-CEL, 9, 1645572095.835, 1.588, 1.569, 0.875, 0.895
2-ADAM-CEL, 9, 1645572096.041, 1.589, 1.59, 0.878, 0.873
2-ADAM-CEL, 9, 1645572096.25, 1.605, 1.593, 0.854, 0.865
2-ADAM-CEL, 9, 1645572096.454, 1.592, 1.596, 0.875, 0.868
2-ADAM-CEL, 9, 1645572096.66, 1.579, 1.61, 0.885, 0.851
2-ADAM-CEL, 9, 1645572096.863, 1.593, 1.604, 0.871, 0.858
2-ADAM-CEL, 9, 1645572097.068, 1.584, 1.598, 0.877, 0.865
2-ADAM-CEL, 9, 1645572097.275, 1.577, 1.629, 0.885, 0.833
2-ADAM-CEL, 9, 1645572097.481, 1.601, 1.569, 0.861, 0.898
2-ADAM-CEL, 9, 1645572097.718, 1.579, 1.586, 0.888, 0.876
2-ADAM-CEL, 9, 1645572097.925, 1.581, 1.618, 0.882, 0.843
2-ADAM-CEL, 9, 1645572098.134, 1.567, 1.618, 0.894, 0.841
2-ADAM-CEL, 9, 1645572098.34, 1.591, 1.611, 0.871, 0.85
2-ADAM-CEL, 9, 1645572098.547, 1.573, 1.587, 0.887, 0.877
2-ADAM-CEL, 9, 1645572098.756, 1.591, 1.594, 0.874, 0.874
2-ADAM-CEL, 9, 1645572098.961, 1.591, 1.617, 0.876, 0.846
2-ADAM-CEL, 9, 1645572099.169, 1.558, 1.6, 0.905, 0.861
2-ADAM-CEL, 9, 1645572099.376, 1.578, 1.599, 0.885, 0.865
2-ADAM-CEL, 9, 1645572099.582, 1.575, 1.583, 0.892, 0.879
2-ADAM-CEL, 9, 1645572099.792, 1.573, 1.62, 0.896, 0.843
2-ADAM-CEL, 9, 1645572099.995, 1.602, 1.593, 0.86, 0.875
2-ADAM-CEL, 9, 1645572100.203, 1.586, 1.613, 0.876, 0.849
2-ADAM-CEL, 9, 1645572100.411, 1.587, 1.596, 0.872, 0.867
2-ADAM-CEL, 9, 1645572100.618, 1.587, 1.604, 0.878, 0.861
2-ADAM-CEL, 9, 1645572100.825, 1.595, 1.609, 0.874, 0.852
2-ADAM-CEL, 9, 1645572101.031, 1.603, 1.595, 0.863, 0.87
2-ADAM-CEL, 9, 1645572101.239, 1.568, 1.613, 0.902, 0.851
2-ADAM-CEL, 9, 1645572101.447, 1.591, 1.623, 0.876, 0.837
2-ADAM-CEL, 9, 1645572101.652, 1.593, 1.583, 0.873, 0.88
2-ADAM-CEL, 9, 1645572101.864, 1.588, 1.564, 0.873, 0.902
2-ADAM-CEL, 9, 1645572102.067, 1.577, 1.566, 0.887, 0.895
2-ADAM-CEL, 9, 1645572102.275, 1.592, 1.592, 0.873, 0.872
2-ADAM-CEL, 9, 1645572102.482, 1.624, 1.632, 0.834, 0.83
2-ADAM-CEL, 9, 1645572102.689, 1.586, 1.603, 0.879, 0.858
2-ADAM-CEL, 9, 1645572102.895, 1.596, 1.584, 0.867, 0.882
2-ADAM-CEL, 9, 1645572103.102, 1.577, 1.582, 0.888, 0.878
2-ADAM-CEL, 9, 1645572103.31, 1.591, 1.588, 0.873, 0.875
2-ADAM-CEL, 9, 1645572103.518, 1.585, 1.589, 0.88, 0.871
2-ADAM-CEL, 9, 1645572103.725, 1.587, 1.589, 0.881, 0.875
2-ADAM-CEL, 9, 1645572103.934, 1.586, 1.626, 0.884, 0.84
2-ADAM-CEL, 9, 1645572104.142, 1.603, 1.611, 0.859, 0.852
2-ADAM-CEL, 9, 1645572104.348, 1.592, 1.59, 0.87, 0.868
2-ADAM-CEL, 9, 1645572104.556, 1.585, 1.609, 0.879, 0.856
2-ADAM-CEL, 9, 1645572104.766, 1.61, 1.6, 0.845, 0.864
2-ADAM-CEL, 9, 1645572104.972, 1.588, 1.615, 0.877, 0.845
2-ADAM-CEL, 9, 1645572105.208, 1.586, 1.583, 0.878, 0.88
